2023-11-19 16:25:09.056917+00:00 [notice] <0.230.0> Logging: configured log handlers are now ACTIVE
2023-11-19 16:25:09.549088+00:00 [info] <0.230.0> ra: starting system quorum_queues
2023-11-19 16:25:09.549188+00:00 [info] <0.230.0> starting Ra system: quorum_queues in directory: /var/lib/rabbitmq/mnesia/rabbit@e6641071520d/quorum/rabbit@e6641071520d
2023-11-19 16:25:09.717787+00:00 [info] <0.262.0> ra system 'quorum_queues' running pre init for 0 registered servers
2023-11-19 16:25:09.750512+00:00 [info] <0.263.0> ra: meta data store initialised for system quorum_queues. 0 record(s) recovered
2023-11-19 16:25:09.776572+00:00 [notice] <0.268.0> WAL: ra_log_wal init, open tbls: ra_log_open_mem_tables, closed tbls: ra_log_closed_mem_tables
2023-11-19 16:25:09.801212+00:00 [info] <0.230.0> ra: starting system coordination
2023-11-19 16:25:09.801309+00:00 [info] <0.230.0> starting Ra system: coordination in directory: /var/lib/rabbitmq/mnesia/rabbit@e6641071520d/coordination/rabbit@e6641071520d
2023-11-19 16:25:09.834313+00:00 [info] <0.275.0> ra system 'coordination' running pre init for 0 registered servers
2023-11-19 16:25:09.842243+00:00 [info] <0.276.0> ra: meta data store initialised for system coordination. 0 record(s) recovered
2023-11-19 16:25:09.842476+00:00 [notice] <0.281.0> WAL: ra_coordination_log_wal init, open tbls: ra_coordination_log_open_mem_tables, closed tbls: ra_coordination_log_closed_mem_tables
2023-11-19 16:25:09.857572+00:00 [info] <0.230.0> 
2023-11-19 16:25:09.857572+00:00 [info] <0.230.0>  Starting RabbitMQ 3.12.9 on Erlang 25.3.2.7 [jit]
2023-11-19 16:25:09.857572+00:00 [info] <0.230.0>  Copyright (c) 2007-2023 VMware, Inc. or its affiliates.
2023-11-19 16:25:09.857572+00:00 [info] <0.230.0>  Licensed under the MPL 2.0. Website: https://rabbitmq.com
2023-11-19 16:25:09.859906+00:00 [info] <0.230.0> 
2023-11-19 16:25:09.859906+00:00 [info] <0.230.0>  node           : rabbit@e6641071520d
2023-11-19 16:25:09.859906+00:00 [info] <0.230.0>  home dir       : /var/lib/rabbitmq
2023-11-19 16:25:09.859906+00:00 [info] <0.230.0>  config file(s) : (none)
2023-11-19 16:25:09.859906+00:00 [info] <0.230.0>  cookie hash    : QCPn/IIdfeOxxrkBILWlcw==
2023-11-19 16:25:09.859906+00:00 [info] <0.230.0>  log(s)         : /var/log/rabbitmq/rabbit@e6641071520d.log
2023-11-19 16:25:09.859906+00:00 [info] <0.230.0>                 : <stdout>
2023-11-19 16:25:09.859906+00:00 [info] <0.230.0>  data dir       : /var/lib/rabbitmq/mnesia/rabbit@e6641071520d
2023-11-19 16:25:17.644644+00:00 [info] <0.230.0> Running boot step pre_boot defined by app rabbit
2023-11-19 16:25:17.644733+00:00 [info] <0.230.0> Running boot step rabbit_global_counters defined by app rabbit
2023-11-19 16:25:17.645680+00:00 [info] <0.230.0> Running boot step rabbit_osiris_metrics defined by app rabbit
2023-11-19 16:25:17.645941+00:00 [info] <0.230.0> Running boot step rabbit_core_metrics defined by app rabbit
2023-11-19 16:25:17.647336+00:00 [info] <0.230.0> Running boot step rabbit_alarm defined by app rabbit
2023-11-19 16:25:17.653301+00:00 [info] <0.300.0> Memory high watermark set to 3118 MiB (3270013747 bytes) of 7796 MiB (8175034368 bytes) total
2023-11-19 16:25:17.660515+00:00 [info] <0.302.0> Enabling free disk space monitoring (disk free space: 140283813888, total memory: 8175034368)
2023-11-19 16:25:17.660598+00:00 [info] <0.302.0> Disk free limit set to 50MB
2023-11-19 16:25:17.667032+00:00 [info] <0.230.0> Running boot step code_server_cache defined by app rabbit
2023-11-19 16:25:17.667316+00:00 [info] <0.230.0> Running boot step file_handle_cache defined by app rabbit
2023-11-19 16:25:17.667735+00:00 [info] <0.305.0> Limiting to approx 1048479 file handles (943629 sockets)
2023-11-19 16:25:17.667901+00:00 [info] <0.306.0> FHC read buffering: OFF
2023-11-19 16:25:17.667948+00:00 [info] <0.306.0> FHC write buffering: ON
2023-11-19 16:25:17.668656+00:00 [info] <0.230.0> Running boot step worker_pool defined by app rabbit
2023-11-19 16:25:17.668821+00:00 [info] <0.283.0> Will use 16 processes for default worker pool
2023-11-19 16:25:17.668918+00:00 [info] <0.283.0> Starting worker pool 'worker_pool' with 16 processes in it
2023-11-19 16:25:17.670735+00:00 [info] <0.230.0> Running boot step database defined by app rabbit
2023-11-19 16:25:17.678627+00:00 [info] <0.230.0> Node database directory at /var/lib/rabbitmq/mnesia/rabbit@e6641071520d is empty. Assuming we need to join an existing cluster or initialise from scratch...
2023-11-19 16:25:17.679052+00:00 [info] <0.230.0> Configured peer discovery backend: rabbit_peer_discovery_classic_config
2023-11-19 16:25:17.679209+00:00 [info] <0.230.0> Will try to lock with peer discovery backend rabbit_peer_discovery_classic_config
2023-11-19 16:25:17.679317+00:00 [info] <0.230.0> All discovered existing cluster peers:
2023-11-19 16:25:17.679369+00:00 [info] <0.230.0> Discovered no peer nodes to cluster with. Some discovery backends can filter nodes out based on a readiness criteria. Enabling debug logging might help troubleshoot.
2023-11-19 16:25:17.688789+00:00 [notice] <0.44.0> Application mnesia exited with reason: stopped
2023-11-19 16:25:18.793895+00:00 [info] <0.230.0> Waiting for Mnesia tables for 30000 ms, 9 retries left
2023-11-19 16:25:18.794088+00:00 [info] <0.230.0> Successfully synced tables from a peer
2023-11-19 16:25:18.794364+00:00 [notice] <0.284.0> Feature flags: attempt to enable `stream_sac_coordinator_unblock_group`...
2023-11-19 16:25:18.839761+00:00 [notice] <0.284.0> Feature flags: `stream_sac_coordinator_unblock_group` enabled
2023-11-19 16:25:18.840064+00:00 [notice] <0.284.0> Feature flags: attempt to enable `restart_streams`...
2023-11-19 16:25:18.890891+00:00 [notice] <0.284.0> Feature flags: `restart_streams` enabled
2023-11-19 16:25:18.891596+00:00 [info] <0.230.0> Waiting for Mnesia tables for 30000 ms, 9 retries left
2023-11-19 16:25:18.891921+00:00 [info] <0.230.0> Successfully synced tables from a peer
2023-11-19 16:25:18.930726+00:00 [info] <0.230.0> Waiting for Mnesia tables for 30000 ms, 9 retries left
2023-11-19 16:25:18.931077+00:00 [info] <0.230.0> Successfully synced tables from a peer
2023-11-19 16:25:18.931173+00:00 [info] <0.230.0> Peer discovery backend rabbit_peer_discovery_classic_config does not support registration, skipping registration.
2023-11-19 16:25:18.931450+00:00 [info] <0.230.0> Will try to unlock with peer discovery backend rabbit_peer_discovery_classic_config
2023-11-19 16:25:18.931853+00:00 [info] <0.230.0> Running boot step tracking_metadata_store defined by app rabbit
2023-11-19 16:25:18.932009+00:00 [info] <0.495.0> Setting up a table for connection tracking on this node: tracked_connection
2023-11-19 16:25:18.932073+00:00 [info] <0.495.0> Setting up a table for per-vhost connection counting on this node: tracked_connection_per_vhost
2023-11-19 16:25:18.932139+00:00 [info] <0.495.0> Setting up a table for per-user connection counting on this node: tracked_connection_per_user
2023-11-19 16:25:18.932193+00:00 [info] <0.495.0> Setting up a table for channel tracking on this node: tracked_channel
2023-11-19 16:25:18.932244+00:00 [info] <0.495.0> Setting up a table for channel tracking on this node: tracked_channel_per_user
2023-11-19 16:25:18.932329+00:00 [info] <0.230.0> Running boot step networking_metadata_store defined by app rabbit
2023-11-19 16:25:18.932485+00:00 [info] <0.230.0> Running boot step feature_flags defined by app rabbit
2023-11-19 16:25:18.948918+00:00 [info] <0.230.0> Running boot step codec_correctness_check defined by app rabbit
2023-11-19 16:25:18.949156+00:00 [info] <0.230.0> Running boot step external_infrastructure defined by app rabbit
2023-11-19 16:25:18.949595+00:00 [info] <0.230.0> Running boot step rabbit_event defined by app rabbit
2023-11-19 16:25:18.950211+00:00 [info] <0.230.0> Running boot step rabbit_registry defined by app rabbit
2023-11-19 16:25:18.950397+00:00 [info] <0.230.0> Running boot step rabbit_auth_mechanism_amqplain defined by app rabbit
2023-11-19 16:25:18.950593+00:00 [info] <0.230.0> Running boot step rabbit_auth_mechanism_cr_demo defined by app rabbit
2023-11-19 16:25:18.950742+00:00 [info] <0.230.0> Running boot step rabbit_auth_mechanism_plain defined by app rabbit
2023-11-19 16:25:18.950935+00:00 [info] <0.230.0> Running boot step rabbit_exchange_type_direct defined by app rabbit
2023-11-19 16:25:18.951119+00:00 [info] <0.230.0> Running boot step rabbit_exchange_type_fanout defined by app rabbit
2023-11-19 16:25:18.951248+00:00 [info] <0.230.0> Running boot step rabbit_exchange_type_headers defined by app rabbit
2023-11-19 16:25:18.951348+00:00 [info] <0.230.0> Running boot step rabbit_exchange_type_topic defined by app rabbit
2023-11-19 16:25:18.951478+00:00 [info] <0.230.0> Running boot step rabbit_mirror_queue_mode_all defined by app rabbit
2023-11-19 16:25:18.951542+00:00 [info] <0.230.0> Running boot step rabbit_mirror_queue_mode_exactly defined by app rabbit
2023-11-19 16:25:18.951621+00:00 [info] <0.230.0> Running boot step rabbit_mirror_queue_mode_nodes defined by app rabbit
2023-11-19 16:25:18.951720+00:00 [info] <0.230.0> Running boot step rabbit_priority_queue defined by app rabbit
2023-11-19 16:25:18.951777+00:00 [info] <0.230.0> Priority queues enabled, real BQ is rabbit_variable_queue
2023-11-19 16:25:18.951882+00:00 [info] <0.230.0> Running boot step rabbit_queue_location_client_local defined by app rabbit
2023-11-19 16:25:18.951941+00:00 [info] <0.230.0> Running boot step rabbit_queue_location_min_masters defined by app rabbit
2023-11-19 16:25:18.951983+00:00 [info] <0.230.0> Running boot step rabbit_queue_location_random defined by app rabbit
2023-11-19 16:25:18.952015+00:00 [info] <0.230.0> Running boot step kernel_ready defined by app rabbit
2023-11-19 16:25:18.952044+00:00 [info] <0.230.0> Running boot step rabbit_sysmon_minder defined by app rabbit
2023-11-19 16:25:18.952289+00:00 [info] <0.230.0> Running boot step rabbit_epmd_monitor defined by app rabbit
2023-11-19 16:25:18.953794+00:00 [info] <0.503.0> epmd monitor knows us, inter-node communication (distribution) port: 25672
2023-11-19 16:25:18.953962+00:00 [info] <0.230.0> Running boot step guid_generator defined by app rabbit
2023-11-19 16:25:18.964004+00:00 [info] <0.230.0> Running boot step rabbit_node_monitor defined by app rabbit
2023-11-19 16:25:18.964361+00:00 [info] <0.507.0> Starting rabbit_node_monitor (in ignore mode)
2023-11-19 16:25:18.964536+00:00 [info] <0.230.0> Running boot step delegate_sup defined by app rabbit
2023-11-19 16:25:18.965093+00:00 [info] <0.230.0> Running boot step rabbit_memory_monitor defined by app rabbit
2023-11-19 16:25:18.965457+00:00 [info] <0.230.0> Running boot step rabbit_fifo_dlx_sup defined by app rabbit
2023-11-19 16:25:18.965558+00:00 [info] <0.230.0> Running boot step core_initialized defined by app rabbit
2023-11-19 16:25:18.965588+00:00 [info] <0.230.0> Running boot step rabbit_channel_tracking_handler defined by app rabbit
2023-11-19 16:25:18.965682+00:00 [info] <0.230.0> Running boot step rabbit_connection_tracking_handler defined by app rabbit
2023-11-19 16:25:18.965735+00:00 [info] <0.230.0> Running boot step rabbit_definitions_hashing defined by app rabbit
2023-11-19 16:25:18.965828+00:00 [info] <0.230.0> Running boot step rabbit_exchange_parameters defined by app rabbit
2023-11-19 16:25:18.966413+00:00 [info] <0.230.0> Running boot step rabbit_mirror_queue_misc defined by app rabbit
2023-11-19 16:25:18.966820+00:00 [info] <0.230.0> Running boot step rabbit_policies defined by app rabbit
2023-11-19 16:25:18.967183+00:00 [info] <0.230.0> Running boot step rabbit_policy defined by app rabbit
2023-11-19 16:25:18.967243+00:00 [info] <0.230.0> Running boot step rabbit_queue_location_validator defined by app rabbit
2023-11-19 16:25:18.967280+00:00 [info] <0.230.0> Running boot step rabbit_quorum_memory_manager defined by app rabbit
2023-11-19 16:25:18.967326+00:00 [info] <0.230.0> Running boot step rabbit_stream_coordinator defined by app rabbit
2023-11-19 16:25:18.967814+00:00 [info] <0.230.0> Running boot step rabbit_vhost_limit defined by app rabbit
2023-11-19 16:25:18.967920+00:00 [info] <0.230.0> Running boot step rabbit_mgmt_reset_handler defined by app rabbitmq_management
2023-11-19 16:25:18.967949+00:00 [info] <0.230.0> Running boot step rabbit_mgmt_db_handler defined by app rabbitmq_management_agent
2023-11-19 16:25:18.967986+00:00 [info] <0.230.0> Management plugin: using rates mode 'basic'
2023-11-19 16:25:18.968192+00:00 [info] <0.230.0> Running boot step recovery defined by app rabbit
2023-11-19 16:25:18.969082+00:00 [info] <0.230.0> Running boot step empty_db_check defined by app rabbit
2023-11-19 16:25:18.969134+00:00 [info] <0.230.0> Will seed default virtual host and user...
2023-11-19 16:25:18.969210+00:00 [info] <0.230.0> Adding vhost 'wifihost' (description: 'Default virtual host', tags: [])
2023-11-19 16:25:18.979032+00:00 [info] <0.230.0> Inserted a virtual host record {vhost,<<"wifihost">>,[],
2023-11-19 16:25:18.979032+00:00 [info] <0.230.0>                                       #{description =>
2023-11-19 16:25:18.979032+00:00 [info] <0.230.0>                                             <<"Default virtual host">>,
2023-11-19 16:25:18.979032+00:00 [info] <0.230.0>                                         tags => []}}
2023-11-19 16:25:18.997280+00:00 [info] <0.552.0> Making sure data directory '/var/lib/rabbitmq/mnesia/rabbit@e6641071520d/msg_stores/vhosts/8A2F0C0PND5MTIB4P8JFTF3SH' for vhost 'wifihost' exists
2023-11-19 16:25:19.041531+00:00 [info] <0.552.0> Setting segment_entry_count for vhost 'wifihost' with 0 queues to '2048'
2023-11-19 16:25:19.091505+00:00 [info] <0.552.0> Starting message stores for vhost 'wifihost'
2023-11-19 16:25:19.091956+00:00 [info] <0.562.0> Message store "8A2F0C0PND5MTIB4P8JFTF3SH/msg_store_transient": using rabbit_msg_store_ets_index to provide index
2023-11-19 16:25:19.109824+00:00 [info] <0.552.0> Started message store of type transient for vhost 'wifihost'
2023-11-19 16:25:19.110204+00:00 [info] <0.566.0> Message store "8A2F0C0PND5MTIB4P8JFTF3SH/msg_store_persistent": using rabbit_msg_store_ets_index to provide index
2023-11-19 16:25:19.129397+00:00 [warning] <0.566.0> Message store "8A2F0C0PND5MTIB4P8JFTF3SH/msg_store_persistent": rebuilding indices from scratch
2023-11-19 16:25:19.151419+00:00 [info] <0.552.0> Started message store of type persistent for vhost 'wifihost'
2023-11-19 16:25:19.151644+00:00 [info] <0.552.0> Recovering 0 queues of type rabbit_classic_queue took 103ms
2023-11-19 16:25:19.151695+00:00 [info] <0.552.0> Recovering 0 queues of type rabbit_quorum_queue took 0ms
2023-11-19 16:25:19.151737+00:00 [info] <0.552.0> Recovering 0 queues of type rabbit_stream_queue took 0ms
2023-11-19 16:25:19.155526+00:00 [info] <0.230.0> Created user 'root'
2023-11-19 16:25:19.157676+00:00 [info] <0.230.0> Successfully set user tags for user 'root' to [administrator]
2023-11-19 16:25:19.160417+00:00 [info] <0.230.0> Successfully set permissions for user 'root' in virtual host 'wifihost' to '.*', '.*', '.*'
2023-11-19 16:25:19.160579+00:00 [info] <0.230.0> Running boot step rabbit_observer_cli defined by app rabbit
2023-11-19 16:25:19.160661+00:00 [info] <0.230.0> Running boot step rabbit_looking_glass defined by app rabbit
2023-11-19 16:25:19.160694+00:00 [info] <0.230.0> Running boot step rabbit_core_metrics_gc defined by app rabbit
2023-11-19 16:25:19.160778+00:00 [info] <0.230.0> Running boot step background_gc defined by app rabbit
2023-11-19 16:25:19.161085+00:00 [info] <0.230.0> Running boot step routing_ready defined by app rabbit
2023-11-19 16:25:19.161174+00:00 [info] <0.230.0> Running boot step pre_flight defined by app rabbit
2023-11-19 16:25:19.161368+00:00 [info] <0.230.0> Running boot step notify_cluster defined by app rabbit
2023-11-19 16:25:19.161493+00:00 [info] <0.230.0> Running boot step networking defined by app rabbit
2023-11-19 16:25:19.161562+00:00 [info] <0.230.0> Running boot step definition_import_worker_pool defined by app rabbit
2023-11-19 16:25:19.161685+00:00 [info] <0.283.0> Starting worker pool 'definition_import_pool' with 16 processes in it
2023-11-19 16:25:19.162829+00:00 [info] <0.230.0> Running boot step cluster_name defined by app rabbit
2023-11-19 16:25:19.163044+00:00 [info] <0.230.0> Initialising internal cluster ID to 'rabbitmq-cluster-id-xv1cVqJ1NpyiHFVBMNsZ8g'
2023-11-19 16:25:19.165371+00:00 [info] <0.230.0> Running boot step direct_client defined by app rabbit
2023-11-19 16:25:19.165713+00:00 [info] <0.230.0> Running boot step rabbit_maintenance_mode_state defined by app rabbit
2023-11-19 16:25:19.165785+00:00 [info] <0.230.0> Creating table rabbit_node_maintenance_states for maintenance mode status
2023-11-19 16:25:19.242035+00:00 [info] <0.230.0> Running boot step rabbit_management_load_definitions defined by app rabbitmq_management
2023-11-19 16:25:19.242291+00:00 [info] <0.618.0> Resetting node maintenance status
2023-11-19 16:25:19.372291+00:00 [info] <0.677.0> Management plugin: HTTP (non-TLS) listener started on port 15672
2023-11-19 16:25:19.372676+00:00 [info] <0.705.0> Statistics database started.
2023-11-19 16:25:19.372845+00:00 [info] <0.704.0> Starting worker pool 'management_worker_pool' with 3 processes in it
2023-11-19 16:25:19.373359+00:00 [info] <0.618.0> Ready to start client connection listeners
2023-11-19 16:25:19.377796+00:00 [info] <0.729.0> started TCP listener on [::]:5672
2023-11-19 16:25:19.534268+00:00 [info] <0.732.0> accepting AMQP connection <0.732.0> (172.22.0.14:54470 -> 172.22.0.12:5672)
2023-11-19 16:25:19.594709+00:00 [info] <0.732.0> connection <0.732.0> (172.22.0.14:54470 -> 172.22.0.12:5672): user 'root' authenticated and granted access to vhost 'wifihost'
2023-11-19 16:25:19.667707+00:00 [info] <0.618.0> Server startup complete; 3 plugins started.
2023-11-19 16:25:19.667707+00:00 [info] <0.618.0>  * rabbitmq_management
2023-11-19 16:25:19.667707+00:00 [info] <0.618.0>  * rabbitmq_management_agent
2023-11-19 16:25:19.667707+00:00 [info] <0.618.0>  * rabbitmq_web_dispatch
2023-11-19 16:25:19.846915+00:00 [info] <0.9.0> Time to start RabbitMQ: 17330258 us
2023-11-19 16:25:20.281724+00:00 [info] <0.752.0> accepting AMQP connection <0.752.0> (172.22.0.15:43186 -> 172.22.0.12:5672)
2023-11-19 16:25:20.344734+00:00 [info] <0.752.0> connection <0.752.0> (172.22.0.15:43186 -> 172.22.0.12:5672): user 'root' authenticated and granted access to vhost 'wifihost'
2023-11-19 16:39:35.787549+00:00 [warning] <0.940.0> AMQP 0-9-1 client call timeout was 70000 ms, is updated to a safe effective value of 130000 ms
2023-11-19 16:41:47.373595+00:00 [warning] <0.752.0> closing AMQP connection <0.752.0> (172.22.0.15:43186 -> 172.22.0.12:5672, vhost: 'wifihost', user: 'root'):
2023-11-19 16:41:47.373595+00:00 [warning] <0.752.0> client unexpectedly closed TCP connection
2023-11-19 16:41:47.408371+00:00 [warning] <0.732.0> closing AMQP connection <0.732.0> (172.22.0.14:54470 -> 172.22.0.12:5672, vhost: 'wifihost', user: 'root'):
2023-11-19 16:41:47.408371+00:00 [warning] <0.732.0> client unexpectedly closed TCP connection
2023-11-19 16:41:49.659789+00:00 [notice] <0.61.0> SIGTERM received - shutting down
2023-11-19 16:41:49.659789+00:00 [notice] <0.61.0> 
2023-11-19 16:41:49.668567+00:00 [warning] <0.633.0> HTTP listener registry could not find context rabbitmq_management_tls
2023-11-19 16:41:49.679841+00:00 [info] <0.230.0> Peer discovery backend rabbit_peer_discovery_classic_config does not support registration, skipping unregistration.
2023-11-19 16:41:49.680232+00:00 [info] <0.729.0> stopped TCP listener on [::]:5672
2023-11-19 16:41:49.682336+00:00 [info] <0.1096.0> Closing all connections in vhost 'wifihost' on node 'rabbit@e6641071520d' because the vhost is stopping
2023-11-19 16:41:49.687348+00:00 [info] <0.566.0> Stopping message store for directory '/var/lib/rabbitmq/mnesia/rabbit@e6641071520d/msg_stores/vhosts/8A2F0C0PND5MTIB4P8JFTF3SH/msg_store_persistent'
2023-11-19 16:41:49.726359+00:00 [info] <0.566.0> Message store for directory '/var/lib/rabbitmq/mnesia/rabbit@e6641071520d/msg_stores/vhosts/8A2F0C0PND5MTIB4P8JFTF3SH/msg_store_persistent' is stopped
2023-11-19 16:41:49.726770+00:00 [info] <0.562.0> Stopping message store for directory '/var/lib/rabbitmq/mnesia/rabbit@e6641071520d/msg_stores/vhosts/8A2F0C0PND5MTIB4P8JFTF3SH/msg_store_transient'
2023-11-19 16:41:49.757255+00:00 [info] <0.562.0> Message store for directory '/var/lib/rabbitmq/mnesia/rabbit@e6641071520d/msg_stores/vhosts/8A2F0C0PND5MTIB4P8JFTF3SH/msg_store_transient' is stopped
2023-11-19 16:41:49.765331+00:00 [info] <0.498.0> Management plugin: to stop collect_statistics.
