2023-11-19 08:11:29.382858+00:00 [notice] <0.230.0> Logging: configured log handlers are now ACTIVE
2023-11-19 08:11:30.019096+00:00 [info] <0.230.0> ra: starting system quorum_queues
2023-11-19 08:11:30.019174+00:00 [info] <0.230.0> starting Ra system: quorum_queues in directory: /var/lib/rabbitmq/mnesia/rabbit@7f6ef6ee6fad/quorum/rabbit@7f6ef6ee6fad
2023-11-19 08:11:30.208997+00:00 [info] <0.262.0> ra system 'quorum_queues' running pre init for 0 registered servers
2023-11-19 08:11:30.252636+00:00 [info] <0.263.0> ra: meta data store initialised for system quorum_queues. 0 record(s) recovered
2023-11-19 08:11:30.301915+00:00 [notice] <0.268.0> WAL: ra_log_wal init, open tbls: ra_log_open_mem_tables, closed tbls: ra_log_closed_mem_tables
2023-11-19 08:11:30.353551+00:00 [info] <0.230.0> ra: starting system coordination
2023-11-19 08:11:30.353610+00:00 [info] <0.230.0> starting Ra system: coordination in directory: /var/lib/rabbitmq/mnesia/rabbit@7f6ef6ee6fad/coordination/rabbit@7f6ef6ee6fad
2023-11-19 08:11:30.376988+00:00 [info] <0.275.0> ra system 'coordination' running pre init for 0 registered servers
2023-11-19 08:11:30.383909+00:00 [info] <0.276.0> ra: meta data store initialised for system coordination. 0 record(s) recovered
2023-11-19 08:11:30.384117+00:00 [notice] <0.281.0> WAL: ra_coordination_log_wal init, open tbls: ra_coordination_log_open_mem_tables, closed tbls: ra_coordination_log_closed_mem_tables
2023-11-19 08:11:30.400022+00:00 [info] <0.230.0> 
2023-11-19 08:11:30.400022+00:00 [info] <0.230.0>  Starting RabbitMQ 3.12.9 on Erlang 25.3.2.7 [jit]
2023-11-19 08:11:30.400022+00:00 [info] <0.230.0>  Copyright (c) 2007-2023 VMware, Inc. or its affiliates.
2023-11-19 08:11:30.400022+00:00 [info] <0.230.0>  Licensed under the MPL 2.0. Website: https://rabbitmq.com
2023-11-19 08:11:30.402283+00:00 [info] <0.230.0> 
2023-11-19 08:11:30.402283+00:00 [info] <0.230.0>  node           : rabbit@7f6ef6ee6fad
2023-11-19 08:11:30.402283+00:00 [info] <0.230.0>  home dir       : /var/lib/rabbitmq
2023-11-19 08:11:30.402283+00:00 [info] <0.230.0>  config file(s) : (none)
2023-11-19 08:11:30.402283+00:00 [info] <0.230.0>  cookie hash    : QCPn/IIdfeOxxrkBILWlcw==
2023-11-19 08:11:30.402283+00:00 [info] <0.230.0>  log(s)         : /var/log/rabbitmq/rabbit@7f6ef6ee6fad.log
2023-11-19 08:11:30.402283+00:00 [info] <0.230.0>                 : <stdout>
2023-11-19 08:11:30.402283+00:00 [info] <0.230.0>  data dir       : /var/lib/rabbitmq/mnesia/rabbit@7f6ef6ee6fad
2023-11-19 08:11:37.624936+00:00 [info] <0.230.0> Running boot step pre_boot defined by app rabbit
2023-11-19 08:11:37.625064+00:00 [info] <0.230.0> Running boot step rabbit_global_counters defined by app rabbit
2023-11-19 08:11:37.625344+00:00 [info] <0.230.0> Running boot step rabbit_osiris_metrics defined by app rabbit
2023-11-19 08:11:37.625465+00:00 [info] <0.230.0> Running boot step rabbit_core_metrics defined by app rabbit
2023-11-19 08:11:37.626281+00:00 [info] <0.230.0> Running boot step rabbit_alarm defined by app rabbit
2023-11-19 08:11:37.631471+00:00 [info] <0.300.0> Memory high watermark set to 3118 MiB (3270013747 bytes) of 7796 MiB (8175034368 bytes) total
2023-11-19 08:11:37.638082+00:00 [info] <0.302.0> Enabling free disk space monitoring (disk free space: 140314345472, total memory: 8175034368)
2023-11-19 08:11:37.638147+00:00 [info] <0.302.0> Disk free limit set to 50MB
2023-11-19 08:11:37.641872+00:00 [info] <0.230.0> Running boot step code_server_cache defined by app rabbit
2023-11-19 08:11:37.642043+00:00 [info] <0.230.0> Running boot step file_handle_cache defined by app rabbit
2023-11-19 08:11:37.642530+00:00 [info] <0.305.0> Limiting to approx 1048479 file handles (943629 sockets)
2023-11-19 08:11:37.642615+00:00 [info] <0.306.0> FHC read buffering: OFF
2023-11-19 08:11:37.642633+00:00 [info] <0.306.0> FHC write buffering: ON
2023-11-19 08:11:37.643082+00:00 [info] <0.230.0> Running boot step worker_pool defined by app rabbit
2023-11-19 08:11:37.643147+00:00 [info] <0.283.0> Will use 16 processes for default worker pool
2023-11-19 08:11:37.643168+00:00 [info] <0.283.0> Starting worker pool 'worker_pool' with 16 processes in it
2023-11-19 08:11:37.643684+00:00 [info] <0.230.0> Running boot step database defined by app rabbit
2023-11-19 08:11:37.652282+00:00 [info] <0.230.0> Node database directory at /var/lib/rabbitmq/mnesia/rabbit@7f6ef6ee6fad is empty. Assuming we need to join an existing cluster or initialise from scratch...
2023-11-19 08:11:37.652454+00:00 [info] <0.230.0> Configured peer discovery backend: rabbit_peer_discovery_classic_config
2023-11-19 08:11:37.652489+00:00 [info] <0.230.0> Will try to lock with peer discovery backend rabbit_peer_discovery_classic_config
2023-11-19 08:11:37.652567+00:00 [info] <0.230.0> All discovered existing cluster peers:
2023-11-19 08:11:37.652640+00:00 [info] <0.230.0> Discovered no peer nodes to cluster with. Some discovery backends can filter nodes out based on a readiness criteria. Enabling debug logging might help troubleshoot.
2023-11-19 08:11:37.658073+00:00 [notice] <0.44.0> Application mnesia exited with reason: stopped
2023-11-19 08:11:38.650903+00:00 [info] <0.230.0> Waiting for Mnesia tables for 30000 ms, 9 retries left
2023-11-19 08:11:38.651085+00:00 [info] <0.230.0> Successfully synced tables from a peer
2023-11-19 08:11:38.651662+00:00 [notice] <0.284.0> Feature flags: attempt to enable `stream_sac_coordinator_unblock_group`...
2023-11-19 08:11:38.701514+00:00 [notice] <0.284.0> Feature flags: `stream_sac_coordinator_unblock_group` enabled
2023-11-19 08:11:38.702208+00:00 [notice] <0.284.0> Feature flags: attempt to enable `restart_streams`...
2023-11-19 08:11:38.747594+00:00 [notice] <0.284.0> Feature flags: `restart_streams` enabled
2023-11-19 08:11:38.748002+00:00 [info] <0.230.0> Waiting for Mnesia tables for 30000 ms, 9 retries left
2023-11-19 08:11:38.748142+00:00 [info] <0.230.0> Successfully synced tables from a peer
2023-11-19 08:11:38.778662+00:00 [info] <0.230.0> Waiting for Mnesia tables for 30000 ms, 9 retries left
2023-11-19 08:11:38.778927+00:00 [info] <0.230.0> Successfully synced tables from a peer
2023-11-19 08:11:38.779033+00:00 [info] <0.230.0> Peer discovery backend rabbit_peer_discovery_classic_config does not support registration, skipping registration.
2023-11-19 08:11:38.779132+00:00 [info] <0.230.0> Will try to unlock with peer discovery backend rabbit_peer_discovery_classic_config
2023-11-19 08:11:38.779555+00:00 [info] <0.230.0> Running boot step tracking_metadata_store defined by app rabbit
2023-11-19 08:11:38.779668+00:00 [info] <0.495.0> Setting up a table for connection tracking on this node: tracked_connection
2023-11-19 08:11:38.779724+00:00 [info] <0.495.0> Setting up a table for per-vhost connection counting on this node: tracked_connection_per_vhost
2023-11-19 08:11:38.779792+00:00 [info] <0.495.0> Setting up a table for per-user connection counting on this node: tracked_connection_per_user
2023-11-19 08:11:38.779857+00:00 [info] <0.495.0> Setting up a table for channel tracking on this node: tracked_channel
2023-11-19 08:11:38.779981+00:00 [info] <0.495.0> Setting up a table for channel tracking on this node: tracked_channel_per_user
2023-11-19 08:11:38.780036+00:00 [info] <0.230.0> Running boot step networking_metadata_store defined by app rabbit
2023-11-19 08:11:38.780140+00:00 [info] <0.230.0> Running boot step feature_flags defined by app rabbit
2023-11-19 08:11:38.783740+00:00 [info] <0.230.0> Running boot step codec_correctness_check defined by app rabbit
2023-11-19 08:11:38.783836+00:00 [info] <0.230.0> Running boot step external_infrastructure defined by app rabbit
2023-11-19 08:11:38.783938+00:00 [info] <0.230.0> Running boot step rabbit_event defined by app rabbit
2023-11-19 08:11:38.784155+00:00 [info] <0.230.0> Running boot step rabbit_registry defined by app rabbit
2023-11-19 08:11:38.784215+00:00 [info] <0.230.0> Running boot step rabbit_auth_mechanism_amqplain defined by app rabbit
2023-11-19 08:11:38.784355+00:00 [info] <0.230.0> Running boot step rabbit_auth_mechanism_cr_demo defined by app rabbit
2023-11-19 08:11:38.784441+00:00 [info] <0.230.0> Running boot step rabbit_auth_mechanism_plain defined by app rabbit
2023-11-19 08:11:38.784525+00:00 [info] <0.230.0> Running boot step rabbit_exchange_type_direct defined by app rabbit
2023-11-19 08:11:38.784576+00:00 [info] <0.230.0> Running boot step rabbit_exchange_type_fanout defined by app rabbit
2023-11-19 08:11:38.784605+00:00 [info] <0.230.0> Running boot step rabbit_exchange_type_headers defined by app rabbit
2023-11-19 08:11:38.784627+00:00 [info] <0.230.0> Running boot step rabbit_exchange_type_topic defined by app rabbit
2023-11-19 08:11:38.784650+00:00 [info] <0.230.0> Running boot step rabbit_mirror_queue_mode_all defined by app rabbit
2023-11-19 08:11:38.784717+00:00 [info] <0.230.0> Running boot step rabbit_mirror_queue_mode_exactly defined by app rabbit
2023-11-19 08:11:38.784770+00:00 [info] <0.230.0> Running boot step rabbit_mirror_queue_mode_nodes defined by app rabbit
2023-11-19 08:11:38.784812+00:00 [info] <0.230.0> Running boot step rabbit_priority_queue defined by app rabbit
2023-11-19 08:11:38.784844+00:00 [info] <0.230.0> Priority queues enabled, real BQ is rabbit_variable_queue
2023-11-19 08:11:38.784893+00:00 [info] <0.230.0> Running boot step rabbit_queue_location_client_local defined by app rabbit
2023-11-19 08:11:38.784930+00:00 [info] <0.230.0> Running boot step rabbit_queue_location_min_masters defined by app rabbit
2023-11-19 08:11:38.784960+00:00 [info] <0.230.0> Running boot step rabbit_queue_location_random defined by app rabbit
2023-11-19 08:11:38.784986+00:00 [info] <0.230.0> Running boot step kernel_ready defined by app rabbit
2023-11-19 08:11:38.785004+00:00 [info] <0.230.0> Running boot step rabbit_sysmon_minder defined by app rabbit
2023-11-19 08:11:38.785327+00:00 [info] <0.230.0> Running boot step rabbit_epmd_monitor defined by app rabbit
2023-11-19 08:11:38.787357+00:00 [info] <0.503.0> epmd monitor knows us, inter-node communication (distribution) port: 25672
2023-11-19 08:11:38.787502+00:00 [info] <0.230.0> Running boot step guid_generator defined by app rabbit
2023-11-19 08:11:38.795606+00:00 [info] <0.230.0> Running boot step rabbit_node_monitor defined by app rabbit
2023-11-19 08:11:38.796057+00:00 [info] <0.507.0> Starting rabbit_node_monitor (in ignore mode)
2023-11-19 08:11:38.796193+00:00 [info] <0.230.0> Running boot step delegate_sup defined by app rabbit
2023-11-19 08:11:38.796660+00:00 [info] <0.230.0> Running boot step rabbit_memory_monitor defined by app rabbit
2023-11-19 08:11:38.797276+00:00 [info] <0.230.0> Running boot step rabbit_fifo_dlx_sup defined by app rabbit
2023-11-19 08:11:38.797438+00:00 [info] <0.230.0> Running boot step core_initialized defined by app rabbit
2023-11-19 08:11:38.797468+00:00 [info] <0.230.0> Running boot step rabbit_channel_tracking_handler defined by app rabbit
2023-11-19 08:11:38.797598+00:00 [info] <0.230.0> Running boot step rabbit_connection_tracking_handler defined by app rabbit
2023-11-19 08:11:38.797641+00:00 [info] <0.230.0> Running boot step rabbit_definitions_hashing defined by app rabbit
2023-11-19 08:11:38.797691+00:00 [info] <0.230.0> Running boot step rabbit_exchange_parameters defined by app rabbit
2023-11-19 08:11:38.798609+00:00 [info] <0.230.0> Running boot step rabbit_mirror_queue_misc defined by app rabbit
2023-11-19 08:11:38.799532+00:00 [info] <0.230.0> Running boot step rabbit_policies defined by app rabbit
2023-11-19 08:11:38.800495+00:00 [info] <0.230.0> Running boot step rabbit_policy defined by app rabbit
2023-11-19 08:11:38.800579+00:00 [info] <0.230.0> Running boot step rabbit_queue_location_validator defined by app rabbit
2023-11-19 08:11:38.800798+00:00 [info] <0.230.0> Running boot step rabbit_quorum_memory_manager defined by app rabbit
2023-11-19 08:11:38.800989+00:00 [info] <0.230.0> Running boot step rabbit_stream_coordinator defined by app rabbit
2023-11-19 08:11:38.801540+00:00 [info] <0.230.0> Running boot step rabbit_vhost_limit defined by app rabbit
2023-11-19 08:11:38.801656+00:00 [info] <0.230.0> Running boot step rabbit_mgmt_reset_handler defined by app rabbitmq_management
2023-11-19 08:11:38.801691+00:00 [info] <0.230.0> Running boot step rabbit_mgmt_db_handler defined by app rabbitmq_management_agent
2023-11-19 08:11:38.801748+00:00 [info] <0.230.0> Management plugin: using rates mode 'basic'
2023-11-19 08:11:38.802120+00:00 [info] <0.230.0> Running boot step recovery defined by app rabbit
2023-11-19 08:11:38.803925+00:00 [info] <0.230.0> Running boot step empty_db_check defined by app rabbit
2023-11-19 08:11:38.804067+00:00 [info] <0.230.0> Will seed default virtual host and user...
2023-11-19 08:11:38.804126+00:00 [info] <0.230.0> Adding vhost 'wifihost' (description: 'Default virtual host', tags: [])
2023-11-19 08:11:38.822479+00:00 [info] <0.230.0> Inserted a virtual host record {vhost,<<"wifihost">>,[],
2023-11-19 08:11:38.822479+00:00 [info] <0.230.0>                                       #{description =>
2023-11-19 08:11:38.822479+00:00 [info] <0.230.0>                                             <<"Default virtual host">>,
2023-11-19 08:11:38.822479+00:00 [info] <0.230.0>                                         tags => []}}
2023-11-19 08:11:38.836222+00:00 [info] <0.552.0> Making sure data directory '/var/lib/rabbitmq/mnesia/rabbit@7f6ef6ee6fad/msg_stores/vhosts/8A2F0C0PND5MTIB4P8JFTF3SH' for vhost 'wifihost' exists
2023-11-19 08:11:38.871828+00:00 [info] <0.552.0> Setting segment_entry_count for vhost 'wifihost' with 0 queues to '2048'
2023-11-19 08:11:38.910399+00:00 [info] <0.552.0> Starting message stores for vhost 'wifihost'
2023-11-19 08:11:38.911054+00:00 [info] <0.562.0> Message store "8A2F0C0PND5MTIB4P8JFTF3SH/msg_store_transient": using rabbit_msg_store_ets_index to provide index
2023-11-19 08:11:38.926499+00:00 [info] <0.552.0> Started message store of type transient for vhost 'wifihost'
2023-11-19 08:11:38.926903+00:00 [info] <0.566.0> Message store "8A2F0C0PND5MTIB4P8JFTF3SH/msg_store_persistent": using rabbit_msg_store_ets_index to provide index
2023-11-19 08:11:38.936845+00:00 [warning] <0.566.0> Message store "8A2F0C0PND5MTIB4P8JFTF3SH/msg_store_persistent": rebuilding indices from scratch
2023-11-19 08:11:38.947683+00:00 [info] <0.552.0> Started message store of type persistent for vhost 'wifihost'
2023-11-19 08:11:38.948014+00:00 [info] <0.552.0> Recovering 0 queues of type rabbit_classic_queue took 68ms
2023-11-19 08:11:38.948071+00:00 [info] <0.552.0> Recovering 0 queues of type rabbit_quorum_queue took 0ms
2023-11-19 08:11:38.948127+00:00 [info] <0.552.0> Recovering 0 queues of type rabbit_stream_queue took 0ms
2023-11-19 08:11:38.951898+00:00 [info] <0.230.0> Created user 'root'
2023-11-19 08:11:38.953687+00:00 [info] <0.230.0> Successfully set user tags for user 'root' to [administrator]
2023-11-19 08:11:38.955812+00:00 [info] <0.230.0> Successfully set permissions for user 'root' in virtual host 'wifihost' to '.*', '.*', '.*'
2023-11-19 08:11:38.956003+00:00 [info] <0.230.0> Running boot step rabbit_observer_cli defined by app rabbit
2023-11-19 08:11:38.956113+00:00 [info] <0.230.0> Running boot step rabbit_looking_glass defined by app rabbit
2023-11-19 08:11:38.956191+00:00 [info] <0.230.0> Running boot step rabbit_core_metrics_gc defined by app rabbit
2023-11-19 08:11:38.956692+00:00 [info] <0.230.0> Running boot step background_gc defined by app rabbit
2023-11-19 08:11:38.957108+00:00 [info] <0.230.0> Running boot step routing_ready defined by app rabbit
2023-11-19 08:11:38.957183+00:00 [info] <0.230.0> Running boot step pre_flight defined by app rabbit
2023-11-19 08:11:38.957240+00:00 [info] <0.230.0> Running boot step notify_cluster defined by app rabbit
2023-11-19 08:11:38.957273+00:00 [info] <0.230.0> Running boot step networking defined by app rabbit
2023-11-19 08:11:38.957307+00:00 [info] <0.230.0> Running boot step definition_import_worker_pool defined by app rabbit
2023-11-19 08:11:38.957350+00:00 [info] <0.283.0> Starting worker pool 'definition_import_pool' with 16 processes in it
2023-11-19 08:11:38.959681+00:00 [info] <0.230.0> Running boot step cluster_name defined by app rabbit
2023-11-19 08:11:38.959817+00:00 [info] <0.230.0> Initialising internal cluster ID to 'rabbitmq-cluster-id-N4iyYmNQLcoHYDKttOe3iQ'
2023-11-19 08:11:38.966599+00:00 [info] <0.230.0> Running boot step direct_client defined by app rabbit
2023-11-19 08:11:38.966777+00:00 [info] <0.230.0> Running boot step rabbit_maintenance_mode_state defined by app rabbit
2023-11-19 08:11:38.966799+00:00 [info] <0.230.0> Creating table rabbit_node_maintenance_states for maintenance mode status
2023-11-19 08:11:38.985735+00:00 [info] <0.230.0> Running boot step rabbit_management_load_definitions defined by app rabbitmq_management
2023-11-19 08:11:38.986036+00:00 [info] <0.618.0> Resetting node maintenance status
2023-11-19 08:11:39.028375+00:00 [info] <0.677.0> Management plugin: HTTP (non-TLS) listener started on port 15672
2023-11-19 08:11:39.028680+00:00 [info] <0.705.0> Statistics database started.
2023-11-19 08:11:39.028799+00:00 [info] <0.704.0> Starting worker pool 'management_worker_pool' with 3 processes in it
2023-11-19 08:11:39.029356+00:00 [info] <0.618.0> Ready to start client connection listeners
2023-11-19 08:11:39.033035+00:00 [info] <0.729.0> started TCP listener on [::]:5672
2023-11-19 08:11:39.223285+00:00 [info] <0.618.0> Server startup complete; 3 plugins started.
2023-11-19 08:11:39.223285+00:00 [info] <0.618.0>  * rabbitmq_management
2023-11-19 08:11:39.223285+00:00 [info] <0.618.0>  * rabbitmq_management_agent
2023-11-19 08:11:39.223285+00:00 [info] <0.618.0>  * rabbitmq_web_dispatch
2023-11-19 08:11:39.387989+00:00 [info] <0.9.0> Time to start RabbitMQ: 16805590 us
2023-11-19 08:11:40.024090+00:00 [info] <0.732.0> accepting AMQP connection <0.732.0> (172.22.0.13:50676 -> 172.22.0.10:5672)
2023-11-19 08:11:40.082041+00:00 [info] <0.732.0> connection <0.732.0> (172.22.0.13:50676 -> 172.22.0.10:5672): user 'root' authenticated and granted access to vhost 'wifihost'
2023-11-19 08:13:07.515012+00:00 [warning] <0.732.0> closing AMQP connection <0.732.0> (172.22.0.13:50676 -> 172.22.0.10:5672, vhost: 'wifihost', user: 'root'):
2023-11-19 08:13:07.515012+00:00 [warning] <0.732.0> client unexpectedly closed TCP connection
2023-11-19 08:13:08.882072+00:00 [notice] <0.61.0> SIGTERM received - shutting down
2023-11-19 08:13:08.882072+00:00 [notice] <0.61.0> 
2023-11-19 08:13:08.894742+00:00 [warning] <0.633.0> HTTP listener registry could not find context rabbitmq_management_tls
2023-11-19 08:13:08.916335+00:00 [info] <0.230.0> Peer discovery backend rabbit_peer_discovery_classic_config does not support registration, skipping unregistration.
2023-11-19 08:13:08.917026+00:00 [info] <0.729.0> stopped TCP listener on [::]:5672
2023-11-19 08:13:08.919171+00:00 [info] <0.784.0> Closing all connections in vhost 'wifihost' on node 'rabbit@7f6ef6ee6fad' because the vhost is stopping
2023-11-19 08:13:08.952939+00:00 [info] <0.566.0> Stopping message store for directory '/var/lib/rabbitmq/mnesia/rabbit@7f6ef6ee6fad/msg_stores/vhosts/8A2F0C0PND5MTIB4P8JFTF3SH/msg_store_persistent'
2023-11-19 08:13:08.989397+00:00 [info] <0.566.0> Message store for directory '/var/lib/rabbitmq/mnesia/rabbit@7f6ef6ee6fad/msg_stores/vhosts/8A2F0C0PND5MTIB4P8JFTF3SH/msg_store_persistent' is stopped
2023-11-19 08:13:08.989694+00:00 [info] <0.562.0> Stopping message store for directory '/var/lib/rabbitmq/mnesia/rabbit@7f6ef6ee6fad/msg_stores/vhosts/8A2F0C0PND5MTIB4P8JFTF3SH/msg_store_transient'
2023-11-19 08:13:09.036949+00:00 [info] <0.562.0> Message store for directory '/var/lib/rabbitmq/mnesia/rabbit@7f6ef6ee6fad/msg_stores/vhosts/8A2F0C0PND5MTIB4P8JFTF3SH/msg_store_transient' is stopped
2023-11-19 08:13:09.045185+00:00 [info] <0.498.0> Management plugin: to stop collect_statistics.
