2023-11-19 15:23:17.897059+00:00 [notice] <0.230.0> Logging: configured log handlers are now ACTIVE
2023-11-19 15:23:18.252920+00:00 [info] <0.230.0> ra: starting system quorum_queues
2023-11-19 15:23:18.253021+00:00 [info] <0.230.0> starting Ra system: quorum_queues in directory: /var/lib/rabbitmq/mnesia/rabbit@e886ddc99100/quorum/rabbit@e886ddc99100
2023-11-19 15:23:18.398577+00:00 [info] <0.262.0> ra system 'quorum_queues' running pre init for 0 registered servers
2023-11-19 15:23:18.418614+00:00 [info] <0.263.0> ra: meta data store initialised for system quorum_queues. 0 record(s) recovered
2023-11-19 15:23:18.440904+00:00 [notice] <0.268.0> WAL: ra_log_wal init, open tbls: ra_log_open_mem_tables, closed tbls: ra_log_closed_mem_tables
2023-11-19 15:23:18.486591+00:00 [info] <0.230.0> ra: starting system coordination
2023-11-19 15:23:18.486714+00:00 [info] <0.230.0> starting Ra system: coordination in directory: /var/lib/rabbitmq/mnesia/rabbit@e886ddc99100/coordination/rabbit@e886ddc99100
2023-11-19 15:23:18.508611+00:00 [info] <0.275.0> ra system 'coordination' running pre init for 0 registered servers
2023-11-19 15:23:18.514055+00:00 [info] <0.276.0> ra: meta data store initialised for system coordination. 0 record(s) recovered
2023-11-19 15:23:18.514274+00:00 [notice] <0.281.0> WAL: ra_coordination_log_wal init, open tbls: ra_coordination_log_open_mem_tables, closed tbls: ra_coordination_log_closed_mem_tables
2023-11-19 15:23:18.526142+00:00 [info] <0.230.0> 
2023-11-19 15:23:18.526142+00:00 [info] <0.230.0>  Starting RabbitMQ 3.12.9 on Erlang 25.3.2.7 [jit]
2023-11-19 15:23:18.526142+00:00 [info] <0.230.0>  Copyright (c) 2007-2023 VMware, Inc. or its affiliates.
2023-11-19 15:23:18.526142+00:00 [info] <0.230.0>  Licensed under the MPL 2.0. Website: https://rabbitmq.com
2023-11-19 15:23:18.528386+00:00 [info] <0.230.0> 
2023-11-19 15:23:18.528386+00:00 [info] <0.230.0>  node           : rabbit@e886ddc99100
2023-11-19 15:23:18.528386+00:00 [info] <0.230.0>  home dir       : /var/lib/rabbitmq
2023-11-19 15:23:18.528386+00:00 [info] <0.230.0>  config file(s) : (none)
2023-11-19 15:23:18.528386+00:00 [info] <0.230.0>  cookie hash    : QCPn/IIdfeOxxrkBILWlcw==
2023-11-19 15:23:18.528386+00:00 [info] <0.230.0>  log(s)         : /var/log/rabbitmq/rabbit@e886ddc99100.log
2023-11-19 15:23:18.528386+00:00 [info] <0.230.0>                 : <stdout>
2023-11-19 15:23:18.528386+00:00 [info] <0.230.0>  data dir       : /var/lib/rabbitmq/mnesia/rabbit@e886ddc99100
2023-11-19 15:23:23.770437+00:00 [info] <0.230.0> Running boot step pre_boot defined by app rabbit
2023-11-19 15:23:23.770593+00:00 [info] <0.230.0> Running boot step rabbit_global_counters defined by app rabbit
2023-11-19 15:23:23.771779+00:00 [info] <0.230.0> Running boot step rabbit_osiris_metrics defined by app rabbit
2023-11-19 15:23:23.771980+00:00 [info] <0.230.0> Running boot step rabbit_core_metrics defined by app rabbit
2023-11-19 15:23:23.773989+00:00 [info] <0.230.0> Running boot step rabbit_alarm defined by app rabbit
2023-11-19 15:23:23.780341+00:00 [info] <0.300.0> Memory high watermark set to 3118 MiB (3270013747 bytes) of 7796 MiB (8175034368 bytes) total
2023-11-19 15:23:23.787547+00:00 [info] <0.302.0> Enabling free disk space monitoring (disk free space: 140284588032, total memory: 8175034368)
2023-11-19 15:23:23.787657+00:00 [info] <0.302.0> Disk free limit set to 50MB
2023-11-19 15:23:23.791201+00:00 [info] <0.230.0> Running boot step code_server_cache defined by app rabbit
2023-11-19 15:23:23.791440+00:00 [info] <0.230.0> Running boot step file_handle_cache defined by app rabbit
2023-11-19 15:23:23.791714+00:00 [info] <0.305.0> Limiting to approx 1048479 file handles (943629 sockets)
2023-11-19 15:23:23.791901+00:00 [info] <0.306.0> FHC read buffering: OFF
2023-11-19 15:23:23.791964+00:00 [info] <0.306.0> FHC write buffering: ON
2023-11-19 15:23:23.792413+00:00 [info] <0.230.0> Running boot step worker_pool defined by app rabbit
2023-11-19 15:23:23.792497+00:00 [info] <0.283.0> Will use 16 processes for default worker pool
2023-11-19 15:23:23.792553+00:00 [info] <0.283.0> Starting worker pool 'worker_pool' with 16 processes in it
2023-11-19 15:23:23.793705+00:00 [info] <0.230.0> Running boot step database defined by app rabbit
2023-11-19 15:23:23.804246+00:00 [info] <0.230.0> Node database directory at /var/lib/rabbitmq/mnesia/rabbit@e886ddc99100 is empty. Assuming we need to join an existing cluster or initialise from scratch...
2023-11-19 15:23:23.804548+00:00 [info] <0.230.0> Configured peer discovery backend: rabbit_peer_discovery_classic_config
2023-11-19 15:23:23.804616+00:00 [info] <0.230.0> Will try to lock with peer discovery backend rabbit_peer_discovery_classic_config
2023-11-19 15:23:23.804748+00:00 [info] <0.230.0> All discovered existing cluster peers:
2023-11-19 15:23:23.804817+00:00 [info] <0.230.0> Discovered no peer nodes to cluster with. Some discovery backends can filter nodes out based on a readiness criteria. Enabling debug logging might help troubleshoot.
2023-11-19 15:23:23.810084+00:00 [notice] <0.44.0> Application mnesia exited with reason: stopped
2023-11-19 15:23:34.567716+00:00 [info] <0.230.0> Waiting for Mnesia tables for 30000 ms, 9 retries left
2023-11-19 15:23:34.568004+00:00 [info] <0.230.0> Successfully synced tables from a peer
2023-11-19 15:23:34.568374+00:00 [notice] <0.284.0> Feature flags: attempt to enable `stream_sac_coordinator_unblock_group`...
2023-11-19 15:23:34.650235+00:00 [notice] <0.284.0> Feature flags: `stream_sac_coordinator_unblock_group` enabled
2023-11-19 15:23:34.650605+00:00 [notice] <0.284.0> Feature flags: attempt to enable `restart_streams`...
2023-11-19 15:23:34.742017+00:00 [notice] <0.284.0> Feature flags: `restart_streams` enabled
2023-11-19 15:23:34.742465+00:00 [info] <0.230.0> Waiting for Mnesia tables for 30000 ms, 9 retries left
2023-11-19 15:23:34.742705+00:00 [info] <0.230.0> Successfully synced tables from a peer
2023-11-19 15:23:34.780314+00:00 [info] <0.230.0> Waiting for Mnesia tables for 30000 ms, 9 retries left
2023-11-19 15:23:34.780654+00:00 [info] <0.230.0> Successfully synced tables from a peer
2023-11-19 15:23:34.780742+00:00 [info] <0.230.0> Peer discovery backend rabbit_peer_discovery_classic_config does not support registration, skipping registration.
2023-11-19 15:23:34.780932+00:00 [info] <0.230.0> Will try to unlock with peer discovery backend rabbit_peer_discovery_classic_config
2023-11-19 15:23:34.781241+00:00 [info] <0.230.0> Running boot step tracking_metadata_store defined by app rabbit
2023-11-19 15:23:34.781521+00:00 [info] <0.495.0> Setting up a table for connection tracking on this node: tracked_connection
2023-11-19 15:23:34.781634+00:00 [info] <0.495.0> Setting up a table for per-vhost connection counting on this node: tracked_connection_per_vhost
2023-11-19 15:23:34.781930+00:00 [info] <0.495.0> Setting up a table for per-user connection counting on this node: tracked_connection_per_user
2023-11-19 15:23:34.782133+00:00 [info] <0.495.0> Setting up a table for channel tracking on this node: tracked_channel
2023-11-19 15:23:34.782316+00:00 [info] <0.495.0> Setting up a table for channel tracking on this node: tracked_channel_per_user
2023-11-19 15:23:34.782618+00:00 [info] <0.230.0> Running boot step networking_metadata_store defined by app rabbit
2023-11-19 15:23:34.782876+00:00 [info] <0.230.0> Running boot step feature_flags defined by app rabbit
2023-11-19 15:23:34.787325+00:00 [info] <0.230.0> Running boot step codec_correctness_check defined by app rabbit
2023-11-19 15:23:34.787442+00:00 [info] <0.230.0> Running boot step external_infrastructure defined by app rabbit
2023-11-19 15:23:34.787509+00:00 [info] <0.230.0> Running boot step rabbit_event defined by app rabbit
2023-11-19 15:23:34.787731+00:00 [info] <0.230.0> Running boot step rabbit_registry defined by app rabbit
2023-11-19 15:23:34.787879+00:00 [info] <0.230.0> Running boot step rabbit_auth_mechanism_amqplain defined by app rabbit
2023-11-19 15:23:34.787976+00:00 [info] <0.230.0> Running boot step rabbit_auth_mechanism_cr_demo defined by app rabbit
2023-11-19 15:23:34.788046+00:00 [info] <0.230.0> Running boot step rabbit_auth_mechanism_plain defined by app rabbit
2023-11-19 15:23:34.788106+00:00 [info] <0.230.0> Running boot step rabbit_exchange_type_direct defined by app rabbit
2023-11-19 15:23:34.788179+00:00 [info] <0.230.0> Running boot step rabbit_exchange_type_fanout defined by app rabbit
2023-11-19 15:23:34.788208+00:00 [info] <0.230.0> Running boot step rabbit_exchange_type_headers defined by app rabbit
2023-11-19 15:23:34.788255+00:00 [info] <0.230.0> Running boot step rabbit_exchange_type_topic defined by app rabbit
2023-11-19 15:23:34.788284+00:00 [info] <0.230.0> Running boot step rabbit_mirror_queue_mode_all defined by app rabbit
2023-11-19 15:23:34.788344+00:00 [info] <0.230.0> Running boot step rabbit_mirror_queue_mode_exactly defined by app rabbit
2023-11-19 15:23:34.788396+00:00 [info] <0.230.0> Running boot step rabbit_mirror_queue_mode_nodes defined by app rabbit
2023-11-19 15:23:34.788432+00:00 [info] <0.230.0> Running boot step rabbit_priority_queue defined by app rabbit
2023-11-19 15:23:34.788469+00:00 [info] <0.230.0> Priority queues enabled, real BQ is rabbit_variable_queue
2023-11-19 15:23:34.788540+00:00 [info] <0.230.0> Running boot step rabbit_queue_location_client_local defined by app rabbit
2023-11-19 15:23:34.788592+00:00 [info] <0.230.0> Running boot step rabbit_queue_location_min_masters defined by app rabbit
2023-11-19 15:23:34.788637+00:00 [info] <0.230.0> Running boot step rabbit_queue_location_random defined by app rabbit
2023-11-19 15:23:34.788667+00:00 [info] <0.230.0> Running boot step kernel_ready defined by app rabbit
2023-11-19 15:23:34.788683+00:00 [info] <0.230.0> Running boot step rabbit_sysmon_minder defined by app rabbit
2023-11-19 15:23:34.789015+00:00 [info] <0.230.0> Running boot step rabbit_epmd_monitor defined by app rabbit
2023-11-19 15:23:34.790616+00:00 [info] <0.503.0> epmd monitor knows us, inter-node communication (distribution) port: 25672
2023-11-19 15:23:34.790865+00:00 [info] <0.230.0> Running boot step guid_generator defined by app rabbit
2023-11-19 15:23:34.801121+00:00 [info] <0.230.0> Running boot step rabbit_node_monitor defined by app rabbit
2023-11-19 15:23:34.801581+00:00 [info] <0.507.0> Starting rabbit_node_monitor (in ignore mode)
2023-11-19 15:23:34.801789+00:00 [info] <0.230.0> Running boot step delegate_sup defined by app rabbit
2023-11-19 15:23:34.802530+00:00 [info] <0.230.0> Running boot step rabbit_memory_monitor defined by app rabbit
2023-11-19 15:23:34.802938+00:00 [info] <0.230.0> Running boot step rabbit_fifo_dlx_sup defined by app rabbit
2023-11-19 15:23:34.803096+00:00 [info] <0.230.0> Running boot step core_initialized defined by app rabbit
2023-11-19 15:23:34.803143+00:00 [info] <0.230.0> Running boot step rabbit_channel_tracking_handler defined by app rabbit
2023-11-19 15:23:34.803207+00:00 [info] <0.230.0> Running boot step rabbit_connection_tracking_handler defined by app rabbit
2023-11-19 15:23:34.803270+00:00 [info] <0.230.0> Running boot step rabbit_definitions_hashing defined by app rabbit
2023-11-19 15:23:34.803370+00:00 [info] <0.230.0> Running boot step rabbit_exchange_parameters defined by app rabbit
2023-11-19 15:23:34.803917+00:00 [info] <0.230.0> Running boot step rabbit_mirror_queue_misc defined by app rabbit
2023-11-19 15:23:34.804522+00:00 [info] <0.230.0> Running boot step rabbit_policies defined by app rabbit
2023-11-19 15:23:34.805003+00:00 [info] <0.230.0> Running boot step rabbit_policy defined by app rabbit
2023-11-19 15:23:34.805071+00:00 [info] <0.230.0> Running boot step rabbit_queue_location_validator defined by app rabbit
2023-11-19 15:23:34.805184+00:00 [info] <0.230.0> Running boot step rabbit_quorum_memory_manager defined by app rabbit
2023-11-19 15:23:34.805241+00:00 [info] <0.230.0> Running boot step rabbit_stream_coordinator defined by app rabbit
2023-11-19 15:23:34.806469+00:00 [info] <0.230.0> Running boot step rabbit_vhost_limit defined by app rabbit
2023-11-19 15:23:34.806703+00:00 [info] <0.230.0> Running boot step rabbit_mgmt_reset_handler defined by app rabbitmq_management
2023-11-19 15:23:34.806832+00:00 [info] <0.230.0> Running boot step rabbit_mgmt_db_handler defined by app rabbitmq_management_agent
2023-11-19 15:23:34.806875+00:00 [info] <0.230.0> Management plugin: using rates mode 'basic'
2023-11-19 15:23:34.807211+00:00 [info] <0.230.0> Running boot step recovery defined by app rabbit
2023-11-19 15:23:34.808496+00:00 [info] <0.230.0> Running boot step empty_db_check defined by app rabbit
2023-11-19 15:23:34.808599+00:00 [info] <0.230.0> Will seed default virtual host and user...
2023-11-19 15:23:34.808711+00:00 [info] <0.230.0> Adding vhost 'wifihost' (description: 'Default virtual host', tags: [])
2023-11-19 15:23:34.828634+00:00 [info] <0.230.0> Inserted a virtual host record {vhost,<<"wifihost">>,[],
2023-11-19 15:23:34.828634+00:00 [info] <0.230.0>                                       #{description =>
2023-11-19 15:23:34.828634+00:00 [info] <0.230.0>                                             <<"Default virtual host">>,
2023-11-19 15:23:34.828634+00:00 [info] <0.230.0>                                         tags => []}}
2023-11-19 15:23:34.847367+00:00 [info] <0.552.0> Making sure data directory '/var/lib/rabbitmq/mnesia/rabbit@e886ddc99100/msg_stores/vhosts/8A2F0C0PND5MTIB4P8JFTF3SH' for vhost 'wifihost' exists
2023-11-19 15:23:34.874310+00:00 [info] <0.552.0> Setting segment_entry_count for vhost 'wifihost' with 0 queues to '2048'
2023-11-19 15:23:35.006884+00:00 [info] <0.552.0> Starting message stores for vhost 'wifihost'
2023-11-19 15:23:35.007743+00:00 [info] <0.562.0> Message store "8A2F0C0PND5MTIB4P8JFTF3SH/msg_store_transient": using rabbit_msg_store_ets_index to provide index
2023-11-19 15:23:35.029258+00:00 [info] <0.552.0> Started message store of type transient for vhost 'wifihost'
2023-11-19 15:23:35.029609+00:00 [info] <0.566.0> Message store "8A2F0C0PND5MTIB4P8JFTF3SH/msg_store_persistent": using rabbit_msg_store_ets_index to provide index
2023-11-19 15:23:35.043049+00:00 [warning] <0.566.0> Message store "8A2F0C0PND5MTIB4P8JFTF3SH/msg_store_persistent": rebuilding indices from scratch
2023-11-19 15:23:35.056823+00:00 [info] <0.552.0> Started message store of type persistent for vhost 'wifihost'
2023-11-19 15:23:35.057284+00:00 [info] <0.552.0> Recovering 0 queues of type rabbit_classic_queue took 175ms
2023-11-19 15:23:35.057411+00:00 [info] <0.552.0> Recovering 0 queues of type rabbit_quorum_queue took 0ms
2023-11-19 15:23:35.057777+00:00 [info] <0.552.0> Recovering 0 queues of type rabbit_stream_queue took 0ms
2023-11-19 15:23:35.063226+00:00 [info] <0.230.0> Created user 'root'
2023-11-19 15:23:35.066268+00:00 [info] <0.230.0> Successfully set user tags for user 'root' to [administrator]
2023-11-19 15:23:35.068344+00:00 [info] <0.230.0> Successfully set permissions for user 'root' in virtual host 'wifihost' to '.*', '.*', '.*'
2023-11-19 15:23:35.068440+00:00 [info] <0.230.0> Running boot step rabbit_observer_cli defined by app rabbit
2023-11-19 15:23:35.068534+00:00 [info] <0.230.0> Running boot step rabbit_looking_glass defined by app rabbit
2023-11-19 15:23:35.068587+00:00 [info] <0.230.0> Running boot step rabbit_core_metrics_gc defined by app rabbit
2023-11-19 15:23:35.068962+00:00 [info] <0.230.0> Running boot step background_gc defined by app rabbit
2023-11-19 15:23:35.069471+00:00 [info] <0.230.0> Running boot step routing_ready defined by app rabbit
2023-11-19 15:23:35.069605+00:00 [info] <0.230.0> Running boot step pre_flight defined by app rabbit
2023-11-19 15:23:35.069696+00:00 [info] <0.230.0> Running boot step notify_cluster defined by app rabbit
2023-11-19 15:23:35.069876+00:00 [info] <0.230.0> Running boot step networking defined by app rabbit
2023-11-19 15:23:35.069961+00:00 [info] <0.230.0> Running boot step definition_import_worker_pool defined by app rabbit
2023-11-19 15:23:35.070192+00:00 [info] <0.283.0> Starting worker pool 'definition_import_pool' with 16 processes in it
2023-11-19 15:23:35.072180+00:00 [info] <0.230.0> Running boot step cluster_name defined by app rabbit
2023-11-19 15:23:35.072405+00:00 [info] <0.230.0> Initialising internal cluster ID to 'rabbitmq-cluster-id-TO8MaIEgtNfc20BsNm97Ew'
2023-11-19 15:23:35.075160+00:00 [info] <0.230.0> Running boot step direct_client defined by app rabbit
2023-11-19 15:23:35.075413+00:00 [info] <0.230.0> Running boot step rabbit_maintenance_mode_state defined by app rabbit
2023-11-19 15:23:35.075487+00:00 [info] <0.230.0> Creating table rabbit_node_maintenance_states for maintenance mode status
2023-11-19 15:23:35.102991+00:00 [info] <0.230.0> Running boot step rabbit_management_load_definitions defined by app rabbitmq_management
2023-11-19 15:23:35.103394+00:00 [info] <0.618.0> Resetting node maintenance status
2023-11-19 15:23:35.132550+00:00 [info] <0.677.0> Management plugin: HTTP (non-TLS) listener started on port 15672
2023-11-19 15:23:35.132789+00:00 [info] <0.705.0> Statistics database started.
2023-11-19 15:23:35.132996+00:00 [info] <0.704.0> Starting worker pool 'management_worker_pool' with 3 processes in it
2023-11-19 15:23:35.133758+00:00 [info] <0.618.0> Ready to start client connection listeners
2023-11-19 15:23:35.136496+00:00 [info] <0.729.0> started TCP listener on [::]:5672
2023-11-19 15:23:35.339992+00:00 [info] <0.618.0> Server startup complete; 3 plugins started.
2023-11-19 15:23:35.339992+00:00 [info] <0.618.0>  * rabbitmq_management
2023-11-19 15:23:35.339992+00:00 [info] <0.618.0>  * rabbitmq_management_agent
2023-11-19 15:23:35.339992+00:00 [info] <0.618.0>  * rabbitmq_web_dispatch
2023-11-19 15:23:35.504864+00:00 [info] <0.9.0> Time to start RabbitMQ: 22971846 us
2023-11-19 15:23:35.645419+00:00 [info] <0.732.0> accepting AMQP connection <0.732.0> (172.18.0.13:45796 -> 172.18.0.12:5672)
2023-11-19 15:23:35.703650+00:00 [info] <0.732.0> connection <0.732.0> (172.18.0.13:45796 -> 172.18.0.12:5672): user 'root' authenticated and granted access to vhost 'wifihost'
2023-11-19 15:29:24.799302+00:00 [warning] <0.732.0> closing AMQP connection <0.732.0> (172.18.0.13:45796 -> 172.18.0.12:5672, vhost: 'wifihost', user: 'root'):
2023-11-19 15:29:24.799302+00:00 [warning] <0.732.0> client unexpectedly closed TCP connection
2023-11-19 15:29:26.081207+00:00 [notice] <0.61.0> SIGTERM received - shutting down
2023-11-19 15:29:26.081207+00:00 [notice] <0.61.0> 
2023-11-19 15:29:26.090531+00:00 [warning] <0.633.0> HTTP listener registry could not find context rabbitmq_management_tls
2023-11-19 15:29:26.118468+00:00 [info] <0.230.0> Peer discovery backend rabbit_peer_discovery_classic_config does not support registration, skipping unregistration.
2023-11-19 15:29:26.119626+00:00 [info] <0.729.0> stopped TCP listener on [::]:5672
2023-11-19 15:29:26.121989+00:00 [info] <0.787.0> Closing all connections in vhost 'wifihost' on node 'rabbit@e886ddc99100' because the vhost is stopping
2023-11-19 15:29:26.128780+00:00 [info] <0.566.0> Stopping message store for directory '/var/lib/rabbitmq/mnesia/rabbit@e886ddc99100/msg_stores/vhosts/8A2F0C0PND5MTIB4P8JFTF3SH/msg_store_persistent'
2023-11-19 15:29:26.180338+00:00 [info] <0.566.0> Message store for directory '/var/lib/rabbitmq/mnesia/rabbit@e886ddc99100/msg_stores/vhosts/8A2F0C0PND5MTIB4P8JFTF3SH/msg_store_persistent' is stopped
2023-11-19 15:29:26.180633+00:00 [info] <0.562.0> Stopping message store for directory '/var/lib/rabbitmq/mnesia/rabbit@e886ddc99100/msg_stores/vhosts/8A2F0C0PND5MTIB4P8JFTF3SH/msg_store_transient'
2023-11-19 15:29:26.214161+00:00 [info] <0.562.0> Message store for directory '/var/lib/rabbitmq/mnesia/rabbit@e886ddc99100/msg_stores/vhosts/8A2F0C0PND5MTIB4P8JFTF3SH/msg_store_transient' is stopped
2023-11-19 15:29:26.220837+00:00 [info] <0.498.0> Management plugin: to stop collect_statistics.
