2023-11-19 16:17:06.466522+00:00 [notice] <0.230.0> Logging: configured log handlers are now ACTIVE
2023-11-19 16:17:06.770262+00:00 [info] <0.230.0> ra: starting system quorum_queues
2023-11-19 16:17:06.770347+00:00 [info] <0.230.0> starting Ra system: quorum_queues in directory: /var/lib/rabbitmq/mnesia/rabbit@02846ae8d1ec/quorum/rabbit@02846ae8d1ec
2023-11-19 16:17:06.861374+00:00 [info] <0.262.0> ra system 'quorum_queues' running pre init for 0 registered servers
2023-11-19 16:17:06.874473+00:00 [info] <0.263.0> ra: meta data store initialised for system quorum_queues. 0 record(s) recovered
2023-11-19 16:17:06.888441+00:00 [notice] <0.268.0> WAL: ra_log_wal init, open tbls: ra_log_open_mem_tables, closed tbls: ra_log_closed_mem_tables
2023-11-19 16:17:06.904035+00:00 [info] <0.230.0> ra: starting system coordination
2023-11-19 16:17:06.904115+00:00 [info] <0.230.0> starting Ra system: coordination in directory: /var/lib/rabbitmq/mnesia/rabbit@02846ae8d1ec/coordination/rabbit@02846ae8d1ec
2023-11-19 16:17:06.921021+00:00 [info] <0.275.0> ra system 'coordination' running pre init for 0 registered servers
2023-11-19 16:17:06.925291+00:00 [info] <0.276.0> ra: meta data store initialised for system coordination. 0 record(s) recovered
2023-11-19 16:17:06.925471+00:00 [notice] <0.281.0> WAL: ra_coordination_log_wal init, open tbls: ra_coordination_log_open_mem_tables, closed tbls: ra_coordination_log_closed_mem_tables
2023-11-19 16:17:06.938486+00:00 [info] <0.230.0> 
2023-11-19 16:17:06.938486+00:00 [info] <0.230.0>  Starting RabbitMQ 3.12.9 on Erlang 25.3.2.7 [jit]
2023-11-19 16:17:06.938486+00:00 [info] <0.230.0>  Copyright (c) 2007-2023 VMware, Inc. or its affiliates.
2023-11-19 16:17:06.938486+00:00 [info] <0.230.0>  Licensed under the MPL 2.0. Website: https://rabbitmq.com
2023-11-19 16:17:06.940112+00:00 [info] <0.230.0> 
2023-11-19 16:17:06.940112+00:00 [info] <0.230.0>  node           : rabbit@02846ae8d1ec
2023-11-19 16:17:06.940112+00:00 [info] <0.230.0>  home dir       : /var/lib/rabbitmq
2023-11-19 16:17:06.940112+00:00 [info] <0.230.0>  config file(s) : (none)
2023-11-19 16:17:06.940112+00:00 [info] <0.230.0>  cookie hash    : QCPn/IIdfeOxxrkBILWlcw==
2023-11-19 16:17:06.940112+00:00 [info] <0.230.0>  log(s)         : /var/log/rabbitmq/rabbit@02846ae8d1ec.log
2023-11-19 16:17:06.940112+00:00 [info] <0.230.0>                 : <stdout>
2023-11-19 16:17:06.940112+00:00 [info] <0.230.0>  data dir       : /var/lib/rabbitmq/mnesia/rabbit@02846ae8d1ec
2023-11-19 16:17:10.999230+00:00 [info] <0.230.0> Running boot step pre_boot defined by app rabbit
2023-11-19 16:17:10.999505+00:00 [info] <0.230.0> Running boot step rabbit_global_counters defined by app rabbit
2023-11-19 16:17:11.000071+00:00 [info] <0.230.0> Running boot step rabbit_osiris_metrics defined by app rabbit
2023-11-19 16:17:11.000263+00:00 [info] <0.230.0> Running boot step rabbit_core_metrics defined by app rabbit
2023-11-19 16:17:11.001649+00:00 [info] <0.230.0> Running boot step rabbit_alarm defined by app rabbit
2023-11-19 16:17:11.015401+00:00 [info] <0.300.0> Memory high watermark set to 3118 MiB (3270013747 bytes) of 7796 MiB (8175034368 bytes) total
2023-11-19 16:17:11.052070+00:00 [info] <0.302.0> Enabling free disk space monitoring (disk free space: 140284321792, total memory: 8175034368)
2023-11-19 16:17:11.052203+00:00 [info] <0.302.0> Disk free limit set to 50MB
2023-11-19 16:17:11.070852+00:00 [info] <0.230.0> Running boot step code_server_cache defined by app rabbit
2023-11-19 16:17:11.071053+00:00 [info] <0.230.0> Running boot step file_handle_cache defined by app rabbit
2023-11-19 16:17:11.072403+00:00 [info] <0.305.0> Limiting to approx 1048479 file handles (943629 sockets)
2023-11-19 16:17:11.072668+00:00 [info] <0.306.0> FHC read buffering: OFF
2023-11-19 16:17:11.072747+00:00 [info] <0.306.0> FHC write buffering: ON
2023-11-19 16:17:11.074412+00:00 [info] <0.230.0> Running boot step worker_pool defined by app rabbit
2023-11-19 16:17:11.074640+00:00 [info] <0.283.0> Will use 16 processes for default worker pool
2023-11-19 16:17:11.074711+00:00 [info] <0.283.0> Starting worker pool 'worker_pool' with 16 processes in it
2023-11-19 16:17:11.084121+00:00 [info] <0.230.0> Running boot step database defined by app rabbit
2023-11-19 16:17:11.159134+00:00 [info] <0.230.0> Node database directory at /var/lib/rabbitmq/mnesia/rabbit@02846ae8d1ec is empty. Assuming we need to join an existing cluster or initialise from scratch...
2023-11-19 16:17:11.159303+00:00 [info] <0.230.0> Configured peer discovery backend: rabbit_peer_discovery_classic_config
2023-11-19 16:17:11.159435+00:00 [info] <0.230.0> Will try to lock with peer discovery backend rabbit_peer_discovery_classic_config
2023-11-19 16:17:11.159513+00:00 [info] <0.230.0> All discovered existing cluster peers:
2023-11-19 16:17:11.159559+00:00 [info] <0.230.0> Discovered no peer nodes to cluster with. Some discovery backends can filter nodes out based on a readiness criteria. Enabling debug logging might help troubleshoot.
2023-11-19 16:17:11.164571+00:00 [notice] <0.44.0> Application mnesia exited with reason: stopped
2023-11-19 16:17:14.231689+00:00 [info] <0.230.0> Waiting for Mnesia tables for 30000 ms, 9 retries left
2023-11-19 16:17:14.232078+00:00 [info] <0.230.0> Successfully synced tables from a peer
2023-11-19 16:17:14.232657+00:00 [notice] <0.284.0> Feature flags: attempt to enable `stream_sac_coordinator_unblock_group`...
2023-11-19 16:17:14.289243+00:00 [notice] <0.284.0> Feature flags: `stream_sac_coordinator_unblock_group` enabled
2023-11-19 16:17:14.289557+00:00 [notice] <0.284.0> Feature flags: attempt to enable `restart_streams`...
2023-11-19 16:17:14.352312+00:00 [notice] <0.284.0> Feature flags: `restart_streams` enabled
2023-11-19 16:17:14.352708+00:00 [info] <0.230.0> Waiting for Mnesia tables for 30000 ms, 9 retries left
2023-11-19 16:17:14.352917+00:00 [info] <0.230.0> Successfully synced tables from a peer
2023-11-19 16:17:14.382151+00:00 [info] <0.230.0> Waiting for Mnesia tables for 30000 ms, 9 retries left
2023-11-19 16:17:14.382456+00:00 [info] <0.230.0> Successfully synced tables from a peer
2023-11-19 16:17:14.382536+00:00 [info] <0.230.0> Peer discovery backend rabbit_peer_discovery_classic_config does not support registration, skipping registration.
2023-11-19 16:17:14.382682+00:00 [info] <0.230.0> Will try to unlock with peer discovery backend rabbit_peer_discovery_classic_config
2023-11-19 16:17:14.383028+00:00 [info] <0.230.0> Running boot step tracking_metadata_store defined by app rabbit
2023-11-19 16:17:14.383285+00:00 [info] <0.495.0> Setting up a table for connection tracking on this node: tracked_connection
2023-11-19 16:17:14.383512+00:00 [info] <0.495.0> Setting up a table for per-vhost connection counting on this node: tracked_connection_per_vhost
2023-11-19 16:17:14.383602+00:00 [info] <0.495.0> Setting up a table for per-user connection counting on this node: tracked_connection_per_user
2023-11-19 16:17:14.383673+00:00 [info] <0.495.0> Setting up a table for channel tracking on this node: tracked_channel
2023-11-19 16:17:14.383832+00:00 [info] <0.495.0> Setting up a table for channel tracking on this node: tracked_channel_per_user
2023-11-19 16:17:14.383952+00:00 [info] <0.230.0> Running boot step networking_metadata_store defined by app rabbit
2023-11-19 16:17:14.384048+00:00 [info] <0.230.0> Running boot step feature_flags defined by app rabbit
2023-11-19 16:17:14.388181+00:00 [info] <0.230.0> Running boot step codec_correctness_check defined by app rabbit
2023-11-19 16:17:14.388301+00:00 [info] <0.230.0> Running boot step external_infrastructure defined by app rabbit
2023-11-19 16:17:14.388355+00:00 [info] <0.230.0> Running boot step rabbit_event defined by app rabbit
2023-11-19 16:17:14.388606+00:00 [info] <0.230.0> Running boot step rabbit_registry defined by app rabbit
2023-11-19 16:17:14.388810+00:00 [info] <0.230.0> Running boot step rabbit_auth_mechanism_amqplain defined by app rabbit
2023-11-19 16:17:14.388927+00:00 [info] <0.230.0> Running boot step rabbit_auth_mechanism_cr_demo defined by app rabbit
2023-11-19 16:17:14.388994+00:00 [info] <0.230.0> Running boot step rabbit_auth_mechanism_plain defined by app rabbit
2023-11-19 16:17:14.389107+00:00 [info] <0.230.0> Running boot step rabbit_exchange_type_direct defined by app rabbit
2023-11-19 16:17:14.389205+00:00 [info] <0.230.0> Running boot step rabbit_exchange_type_fanout defined by app rabbit
2023-11-19 16:17:14.389380+00:00 [info] <0.230.0> Running boot step rabbit_exchange_type_headers defined by app rabbit
2023-11-19 16:17:14.389513+00:00 [info] <0.230.0> Running boot step rabbit_exchange_type_topic defined by app rabbit
2023-11-19 16:17:14.389651+00:00 [info] <0.230.0> Running boot step rabbit_mirror_queue_mode_all defined by app rabbit
2023-11-19 16:17:14.389747+00:00 [info] <0.230.0> Running boot step rabbit_mirror_queue_mode_exactly defined by app rabbit
2023-11-19 16:17:14.389821+00:00 [info] <0.230.0> Running boot step rabbit_mirror_queue_mode_nodes defined by app rabbit
2023-11-19 16:17:14.389918+00:00 [info] <0.230.0> Running boot step rabbit_priority_queue defined by app rabbit
2023-11-19 16:17:14.390096+00:00 [info] <0.230.0> Priority queues enabled, real BQ is rabbit_variable_queue
2023-11-19 16:17:14.390372+00:00 [info] <0.230.0> Running boot step rabbit_queue_location_client_local defined by app rabbit
2023-11-19 16:17:14.390465+00:00 [info] <0.230.0> Running boot step rabbit_queue_location_min_masters defined by app rabbit
2023-11-19 16:17:14.390534+00:00 [info] <0.230.0> Running boot step rabbit_queue_location_random defined by app rabbit
2023-11-19 16:17:14.390582+00:00 [info] <0.230.0> Running boot step kernel_ready defined by app rabbit
2023-11-19 16:17:14.390635+00:00 [info] <0.230.0> Running boot step rabbit_sysmon_minder defined by app rabbit
2023-11-19 16:17:14.390901+00:00 [info] <0.230.0> Running boot step rabbit_epmd_monitor defined by app rabbit
2023-11-19 16:17:14.392299+00:00 [info] <0.503.0> epmd monitor knows us, inter-node communication (distribution) port: 25672
2023-11-19 16:17:14.392685+00:00 [info] <0.230.0> Running boot step guid_generator defined by app rabbit
2023-11-19 16:17:14.403677+00:00 [info] <0.230.0> Running boot step rabbit_node_monitor defined by app rabbit
2023-11-19 16:17:14.404124+00:00 [info] <0.507.0> Starting rabbit_node_monitor (in ignore mode)
2023-11-19 16:17:14.404351+00:00 [info] <0.230.0> Running boot step delegate_sup defined by app rabbit
2023-11-19 16:17:14.404954+00:00 [info] <0.230.0> Running boot step rabbit_memory_monitor defined by app rabbit
2023-11-19 16:17:14.405498+00:00 [info] <0.230.0> Running boot step rabbit_fifo_dlx_sup defined by app rabbit
2023-11-19 16:17:14.405627+00:00 [info] <0.230.0> Running boot step core_initialized defined by app rabbit
2023-11-19 16:17:14.405677+00:00 [info] <0.230.0> Running boot step rabbit_channel_tracking_handler defined by app rabbit
2023-11-19 16:17:14.405766+00:00 [info] <0.230.0> Running boot step rabbit_connection_tracking_handler defined by app rabbit
2023-11-19 16:17:14.405845+00:00 [info] <0.230.0> Running boot step rabbit_definitions_hashing defined by app rabbit
2023-11-19 16:17:14.405928+00:00 [info] <0.230.0> Running boot step rabbit_exchange_parameters defined by app rabbit
2023-11-19 16:17:14.406508+00:00 [info] <0.230.0> Running boot step rabbit_mirror_queue_misc defined by app rabbit
2023-11-19 16:17:14.406775+00:00 [info] <0.230.0> Running boot step rabbit_policies defined by app rabbit
2023-11-19 16:17:14.406959+00:00 [info] <0.230.0> Running boot step rabbit_policy defined by app rabbit
2023-11-19 16:17:14.406987+00:00 [info] <0.230.0> Running boot step rabbit_queue_location_validator defined by app rabbit
2023-11-19 16:17:14.407006+00:00 [info] <0.230.0> Running boot step rabbit_quorum_memory_manager defined by app rabbit
2023-11-19 16:17:14.407146+00:00 [info] <0.230.0> Running boot step rabbit_stream_coordinator defined by app rabbit
2023-11-19 16:17:14.407610+00:00 [info] <0.230.0> Running boot step rabbit_vhost_limit defined by app rabbit
2023-11-19 16:17:14.407693+00:00 [info] <0.230.0> Running boot step rabbit_mgmt_reset_handler defined by app rabbitmq_management
2023-11-19 16:17:14.407721+00:00 [info] <0.230.0> Running boot step rabbit_mgmt_db_handler defined by app rabbitmq_management_agent
2023-11-19 16:17:14.407747+00:00 [info] <0.230.0> Management plugin: using rates mode 'basic'
2023-11-19 16:17:14.407884+00:00 [info] <0.230.0> Running boot step recovery defined by app rabbit
2023-11-19 16:17:14.408824+00:00 [info] <0.230.0> Running boot step empty_db_check defined by app rabbit
2023-11-19 16:17:14.408898+00:00 [info] <0.230.0> Will seed default virtual host and user...
2023-11-19 16:17:14.409111+00:00 [info] <0.230.0> Adding vhost 'wifihost' (description: 'Default virtual host', tags: [])
2023-11-19 16:17:14.413382+00:00 [info] <0.230.0> Inserted a virtual host record {vhost,<<"wifihost">>,[],
2023-11-19 16:17:14.413382+00:00 [info] <0.230.0>                                       #{description =>
2023-11-19 16:17:14.413382+00:00 [info] <0.230.0>                                             <<"Default virtual host">>,
2023-11-19 16:17:14.413382+00:00 [info] <0.230.0>                                         tags => []}}
2023-11-19 16:17:14.428847+00:00 [info] <0.552.0> Making sure data directory '/var/lib/rabbitmq/mnesia/rabbit@02846ae8d1ec/msg_stores/vhosts/8A2F0C0PND5MTIB4P8JFTF3SH' for vhost 'wifihost' exists
2023-11-19 16:17:14.453335+00:00 [info] <0.552.0> Setting segment_entry_count for vhost 'wifihost' with 0 queues to '2048'
2023-11-19 16:17:14.492571+00:00 [info] <0.552.0> Starting message stores for vhost 'wifihost'
2023-11-19 16:17:14.492918+00:00 [info] <0.562.0> Message store "8A2F0C0PND5MTIB4P8JFTF3SH/msg_store_transient": using rabbit_msg_store_ets_index to provide index
2023-11-19 16:17:14.509114+00:00 [info] <0.552.0> Started message store of type transient for vhost 'wifihost'
2023-11-19 16:17:14.509393+00:00 [info] <0.566.0> Message store "8A2F0C0PND5MTIB4P8JFTF3SH/msg_store_persistent": using rabbit_msg_store_ets_index to provide index
2023-11-19 16:17:14.518943+00:00 [warning] <0.566.0> Message store "8A2F0C0PND5MTIB4P8JFTF3SH/msg_store_persistent": rebuilding indices from scratch
2023-11-19 16:17:14.529789+00:00 [info] <0.552.0> Started message store of type persistent for vhost 'wifihost'
2023-11-19 16:17:14.530056+00:00 [info] <0.552.0> Recovering 0 queues of type rabbit_classic_queue took 70ms
2023-11-19 16:17:14.530103+00:00 [info] <0.552.0> Recovering 0 queues of type rabbit_quorum_queue took 0ms
2023-11-19 16:17:14.530172+00:00 [info] <0.552.0> Recovering 0 queues of type rabbit_stream_queue took 0ms
2023-11-19 16:17:14.534083+00:00 [info] <0.230.0> Created user 'root'
2023-11-19 16:17:14.535846+00:00 [info] <0.230.0> Successfully set user tags for user 'root' to [administrator]
2023-11-19 16:17:14.537792+00:00 [info] <0.230.0> Successfully set permissions for user 'root' in virtual host 'wifihost' to '.*', '.*', '.*'
2023-11-19 16:17:14.537931+00:00 [info] <0.230.0> Running boot step rabbit_observer_cli defined by app rabbit
2023-11-19 16:17:14.538028+00:00 [info] <0.230.0> Running boot step rabbit_looking_glass defined by app rabbit
2023-11-19 16:17:14.538102+00:00 [info] <0.230.0> Running boot step rabbit_core_metrics_gc defined by app rabbit
2023-11-19 16:17:14.538395+00:00 [info] <0.230.0> Running boot step background_gc defined by app rabbit
2023-11-19 16:17:14.538537+00:00 [info] <0.230.0> Running boot step routing_ready defined by app rabbit
2023-11-19 16:17:14.538576+00:00 [info] <0.230.0> Running boot step pre_flight defined by app rabbit
2023-11-19 16:17:14.538637+00:00 [info] <0.230.0> Running boot step notify_cluster defined by app rabbit
2023-11-19 16:17:14.538694+00:00 [info] <0.230.0> Running boot step networking defined by app rabbit
2023-11-19 16:17:14.538815+00:00 [info] <0.230.0> Running boot step definition_import_worker_pool defined by app rabbit
2023-11-19 16:17:14.538879+00:00 [info] <0.283.0> Starting worker pool 'definition_import_pool' with 16 processes in it
2023-11-19 16:17:14.539650+00:00 [info] <0.230.0> Running boot step cluster_name defined by app rabbit
2023-11-19 16:17:14.539742+00:00 [info] <0.230.0> Initialising internal cluster ID to 'rabbitmq-cluster-id-TCL6vFQnQfcn61hR0ZguyA'
2023-11-19 16:17:14.541591+00:00 [info] <0.230.0> Running boot step direct_client defined by app rabbit
2023-11-19 16:17:14.541778+00:00 [info] <0.230.0> Running boot step rabbit_maintenance_mode_state defined by app rabbit
2023-11-19 16:17:14.541811+00:00 [info] <0.230.0> Creating table rabbit_node_maintenance_states for maintenance mode status
2023-11-19 16:17:14.557040+00:00 [info] <0.230.0> Running boot step rabbit_management_load_definitions defined by app rabbitmq_management
2023-11-19 16:17:14.557252+00:00 [info] <0.618.0> Resetting node maintenance status
2023-11-19 16:17:14.573713+00:00 [info] <0.677.0> Management plugin: HTTP (non-TLS) listener started on port 15672
2023-11-19 16:17:14.573928+00:00 [info] <0.705.0> Statistics database started.
2023-11-19 16:17:14.573985+00:00 [info] <0.704.0> Starting worker pool 'management_worker_pool' with 3 processes in it
2023-11-19 16:17:14.574271+00:00 [info] <0.618.0> Ready to start client connection listeners
2023-11-19 16:17:14.576130+00:00 [info] <0.729.0> started TCP listener on [::]:5672
2023-11-19 16:17:14.699275+00:00 [info] <0.618.0> Server startup complete; 3 plugins started.
2023-11-19 16:17:14.699275+00:00 [info] <0.618.0>  * rabbitmq_management
2023-11-19 16:17:14.699275+00:00 [info] <0.618.0>  * rabbitmq_management_agent
2023-11-19 16:17:14.699275+00:00 [info] <0.618.0>  * rabbitmq_web_dispatch
2023-11-19 16:17:14.757487+00:00 [info] <0.9.0> Time to start RabbitMQ: 13154777 us
2023-11-19 16:17:14.874613+00:00 [info] <0.732.0> accepting AMQP connection <0.732.0> (172.20.0.13:48148 -> 172.20.0.12:5672)
2023-11-19 16:17:14.922118+00:00 [info] <0.732.0> connection <0.732.0> (172.20.0.13:48148 -> 172.20.0.12:5672): user 'root' authenticated and granted access to vhost 'wifihost'
2023-11-19 16:18:07.761857+00:00 [warning] <0.732.0> closing AMQP connection <0.732.0> (172.20.0.13:48148 -> 172.20.0.12:5672, vhost: 'wifihost', user: 'root'):
2023-11-19 16:18:07.761857+00:00 [warning] <0.732.0> client unexpectedly closed TCP connection
2023-11-19 16:18:09.731066+00:00 [notice] <0.61.0> SIGTERM received - shutting down
2023-11-19 16:18:09.731066+00:00 [notice] <0.61.0> 
2023-11-19 16:18:09.735951+00:00 [warning] <0.633.0> HTTP listener registry could not find context rabbitmq_management_tls
2023-11-19 16:18:09.744797+00:00 [info] <0.230.0> Peer discovery backend rabbit_peer_discovery_classic_config does not support registration, skipping unregistration.
2023-11-19 16:18:09.745089+00:00 [info] <0.729.0> stopped TCP listener on [::]:5672
2023-11-19 16:18:09.746580+00:00 [info] <0.755.0> Closing all connections in vhost 'wifihost' on node 'rabbit@02846ae8d1ec' because the vhost is stopping
2023-11-19 16:18:09.750068+00:00 [info] <0.566.0> Stopping message store for directory '/var/lib/rabbitmq/mnesia/rabbit@02846ae8d1ec/msg_stores/vhosts/8A2F0C0PND5MTIB4P8JFTF3SH/msg_store_persistent'
2023-11-19 16:18:09.778434+00:00 [info] <0.566.0> Message store for directory '/var/lib/rabbitmq/mnesia/rabbit@02846ae8d1ec/msg_stores/vhosts/8A2F0C0PND5MTIB4P8JFTF3SH/msg_store_persistent' is stopped
2023-11-19 16:18:09.778701+00:00 [info] <0.562.0> Stopping message store for directory '/var/lib/rabbitmq/mnesia/rabbit@02846ae8d1ec/msg_stores/vhosts/8A2F0C0PND5MTIB4P8JFTF3SH/msg_store_transient'
2023-11-19 16:18:09.807082+00:00 [info] <0.562.0> Message store for directory '/var/lib/rabbitmq/mnesia/rabbit@02846ae8d1ec/msg_stores/vhosts/8A2F0C0PND5MTIB4P8JFTF3SH/msg_store_transient' is stopped
2023-11-19 16:18:09.812911+00:00 [info] <0.498.0> Management plugin: to stop collect_statistics.
