2023-11-19 07:20:06.909627+00:00 [notice] <0.230.0> Logging: configured log handlers are now ACTIVE
2023-11-19 07:20:07.378567+00:00 [info] <0.230.0> ra: starting system quorum_queues
2023-11-19 07:20:07.378754+00:00 [info] <0.230.0> starting Ra system: quorum_queues in directory: /var/lib/rabbitmq/mnesia/rabbit@9495117dcc3d/quorum/rabbit@9495117dcc3d
2023-11-19 07:20:07.538326+00:00 [info] <0.262.0> ra system 'quorum_queues' running pre init for 0 registered servers
2023-11-19 07:20:07.594967+00:00 [info] <0.263.0> ra: meta data store initialised for system quorum_queues. 0 record(s) recovered
2023-11-19 07:20:07.625004+00:00 [notice] <0.268.0> WAL: ra_log_wal init, open tbls: ra_log_open_mem_tables, closed tbls: ra_log_closed_mem_tables
2023-11-19 07:20:07.661736+00:00 [info] <0.230.0> ra: starting system coordination
2023-11-19 07:20:07.661795+00:00 [info] <0.230.0> starting Ra system: coordination in directory: /var/lib/rabbitmq/mnesia/rabbit@9495117dcc3d/coordination/rabbit@9495117dcc3d
2023-11-19 07:20:07.684188+00:00 [info] <0.275.0> ra system 'coordination' running pre init for 0 registered servers
2023-11-19 07:20:07.690314+00:00 [info] <0.276.0> ra: meta data store initialised for system coordination. 0 record(s) recovered
2023-11-19 07:20:07.690523+00:00 [notice] <0.281.0> WAL: ra_coordination_log_wal init, open tbls: ra_coordination_log_open_mem_tables, closed tbls: ra_coordination_log_closed_mem_tables
2023-11-19 07:20:07.704268+00:00 [info] <0.230.0> 
2023-11-19 07:20:07.704268+00:00 [info] <0.230.0>  Starting RabbitMQ 3.12.9 on Erlang 25.3.2.7 [jit]
2023-11-19 07:20:07.704268+00:00 [info] <0.230.0>  Copyright (c) 2007-2023 VMware, Inc. or its affiliates.
2023-11-19 07:20:07.704268+00:00 [info] <0.230.0>  Licensed under the MPL 2.0. Website: https://rabbitmq.com
2023-11-19 07:20:07.707362+00:00 [info] <0.230.0> 
2023-11-19 07:20:07.707362+00:00 [info] <0.230.0>  node           : rabbit@9495117dcc3d
2023-11-19 07:20:07.707362+00:00 [info] <0.230.0>  home dir       : /var/lib/rabbitmq
2023-11-19 07:20:07.707362+00:00 [info] <0.230.0>  config file(s) : (none)
2023-11-19 07:20:07.707362+00:00 [info] <0.230.0>  cookie hash    : QCPn/IIdfeOxxrkBILWlcw==
2023-11-19 07:20:07.707362+00:00 [info] <0.230.0>  log(s)         : /var/log/rabbitmq/rabbit@9495117dcc3d.log
2023-11-19 07:20:07.707362+00:00 [info] <0.230.0>                 : <stdout>
2023-11-19 07:20:07.707362+00:00 [info] <0.230.0>  data dir       : /var/lib/rabbitmq/mnesia/rabbit@9495117dcc3d
2023-11-19 07:20:15.871601+00:00 [info] <0.230.0> Running boot step pre_boot defined by app rabbit
2023-11-19 07:20:15.872219+00:00 [info] <0.230.0> Running boot step rabbit_global_counters defined by app rabbit
2023-11-19 07:20:15.873521+00:00 [info] <0.230.0> Running boot step rabbit_osiris_metrics defined by app rabbit
2023-11-19 07:20:15.873935+00:00 [info] <0.230.0> Running boot step rabbit_core_metrics defined by app rabbit
2023-11-19 07:20:15.874924+00:00 [info] <0.230.0> Running boot step rabbit_alarm defined by app rabbit
2023-11-19 07:20:15.882516+00:00 [info] <0.300.0> Memory high watermark set to 3118 MiB (3270013747 bytes) of 7796 MiB (8175034368 bytes) total
2023-11-19 07:20:15.889070+00:00 [info] <0.302.0> Enabling free disk space monitoring (disk free space: 140314603520, total memory: 8175034368)
2023-11-19 07:20:15.889171+00:00 [info] <0.302.0> Disk free limit set to 50MB
2023-11-19 07:20:15.902005+00:00 [info] <0.230.0> Running boot step code_server_cache defined by app rabbit
2023-11-19 07:20:15.902246+00:00 [info] <0.230.0> Running boot step file_handle_cache defined by app rabbit
2023-11-19 07:20:15.902536+00:00 [info] <0.305.0> Limiting to approx 1048479 file handles (943629 sockets)
2023-11-19 07:20:15.902677+00:00 [info] <0.306.0> FHC read buffering: OFF
2023-11-19 07:20:15.902703+00:00 [info] <0.306.0> FHC write buffering: ON
2023-11-19 07:20:15.903625+00:00 [info] <0.230.0> Running boot step worker_pool defined by app rabbit
2023-11-19 07:20:15.904016+00:00 [info] <0.283.0> Will use 16 processes for default worker pool
2023-11-19 07:20:15.904108+00:00 [info] <0.283.0> Starting worker pool 'worker_pool' with 16 processes in it
2023-11-19 07:20:15.904876+00:00 [info] <0.230.0> Running boot step database defined by app rabbit
2023-11-19 07:20:15.911366+00:00 [info] <0.230.0> Node database directory at /var/lib/rabbitmq/mnesia/rabbit@9495117dcc3d is empty. Assuming we need to join an existing cluster or initialise from scratch...
2023-11-19 07:20:15.911640+00:00 [info] <0.230.0> Configured peer discovery backend: rabbit_peer_discovery_classic_config
2023-11-19 07:20:15.911750+00:00 [info] <0.230.0> Will try to lock with peer discovery backend rabbit_peer_discovery_classic_config
2023-11-19 07:20:15.911976+00:00 [info] <0.230.0> All discovered existing cluster peers:
2023-11-19 07:20:15.912071+00:00 [info] <0.230.0> Discovered no peer nodes to cluster with. Some discovery backends can filter nodes out based on a readiness criteria. Enabling debug logging might help troubleshoot.
2023-11-19 07:20:15.918876+00:00 [notice] <0.44.0> Application mnesia exited with reason: stopped
2023-11-19 07:20:16.990726+00:00 [info] <0.230.0> Waiting for Mnesia tables for 30000 ms, 9 retries left
2023-11-19 07:20:16.991048+00:00 [info] <0.230.0> Successfully synced tables from a peer
2023-11-19 07:20:16.994279+00:00 [notice] <0.284.0> Feature flags: attempt to enable `stream_sac_coordinator_unblock_group`...
2023-11-19 07:20:17.092590+00:00 [notice] <0.284.0> Feature flags: `stream_sac_coordinator_unblock_group` enabled
2023-11-19 07:20:17.092999+00:00 [notice] <0.284.0> Feature flags: attempt to enable `restart_streams`...
2023-11-19 07:20:17.148935+00:00 [notice] <0.284.0> Feature flags: `restart_streams` enabled
2023-11-19 07:20:17.149593+00:00 [info] <0.230.0> Waiting for Mnesia tables for 30000 ms, 9 retries left
2023-11-19 07:20:17.149850+00:00 [info] <0.230.0> Successfully synced tables from a peer
2023-11-19 07:20:17.172994+00:00 [info] <0.230.0> Waiting for Mnesia tables for 30000 ms, 9 retries left
2023-11-19 07:20:17.173325+00:00 [info] <0.230.0> Successfully synced tables from a peer
2023-11-19 07:20:17.173427+00:00 [info] <0.230.0> Peer discovery backend rabbit_peer_discovery_classic_config does not support registration, skipping registration.
2023-11-19 07:20:17.173487+00:00 [info] <0.230.0> Will try to unlock with peer discovery backend rabbit_peer_discovery_classic_config
2023-11-19 07:20:17.174121+00:00 [info] <0.230.0> Running boot step tracking_metadata_store defined by app rabbit
2023-11-19 07:20:17.175407+00:00 [info] <0.495.0> Setting up a table for connection tracking on this node: tracked_connection
2023-11-19 07:20:17.175598+00:00 [info] <0.495.0> Setting up a table for per-vhost connection counting on this node: tracked_connection_per_vhost
2023-11-19 07:20:17.175883+00:00 [info] <0.495.0> Setting up a table for per-user connection counting on this node: tracked_connection_per_user
2023-11-19 07:20:17.176127+00:00 [info] <0.495.0> Setting up a table for channel tracking on this node: tracked_channel
2023-11-19 07:20:17.176280+00:00 [info] <0.495.0> Setting up a table for channel tracking on this node: tracked_channel_per_user
2023-11-19 07:20:17.176463+00:00 [info] <0.230.0> Running boot step networking_metadata_store defined by app rabbit
2023-11-19 07:20:17.176709+00:00 [info] <0.230.0> Running boot step feature_flags defined by app rabbit
2023-11-19 07:20:17.180623+00:00 [info] <0.230.0> Running boot step codec_correctness_check defined by app rabbit
2023-11-19 07:20:17.180783+00:00 [info] <0.230.0> Running boot step external_infrastructure defined by app rabbit
2023-11-19 07:20:17.180819+00:00 [info] <0.230.0> Running boot step rabbit_event defined by app rabbit
2023-11-19 07:20:17.181001+00:00 [info] <0.230.0> Running boot step rabbit_registry defined by app rabbit
2023-11-19 07:20:17.181258+00:00 [info] <0.230.0> Running boot step rabbit_auth_mechanism_amqplain defined by app rabbit
2023-11-19 07:20:17.181422+00:00 [info] <0.230.0> Running boot step rabbit_auth_mechanism_cr_demo defined by app rabbit
2023-11-19 07:20:17.181492+00:00 [info] <0.230.0> Running boot step rabbit_auth_mechanism_plain defined by app rabbit
2023-11-19 07:20:17.181521+00:00 [info] <0.230.0> Running boot step rabbit_exchange_type_direct defined by app rabbit
2023-11-19 07:20:17.181572+00:00 [info] <0.230.0> Running boot step rabbit_exchange_type_fanout defined by app rabbit
2023-11-19 07:20:17.181721+00:00 [info] <0.230.0> Running boot step rabbit_exchange_type_headers defined by app rabbit
2023-11-19 07:20:17.181773+00:00 [info] <0.230.0> Running boot step rabbit_exchange_type_topic defined by app rabbit
2023-11-19 07:20:17.181803+00:00 [info] <0.230.0> Running boot step rabbit_mirror_queue_mode_all defined by app rabbit
2023-11-19 07:20:17.181839+00:00 [info] <0.230.0> Running boot step rabbit_mirror_queue_mode_exactly defined by app rabbit
2023-11-19 07:20:17.181869+00:00 [info] <0.230.0> Running boot step rabbit_mirror_queue_mode_nodes defined by app rabbit
2023-11-19 07:20:17.181902+00:00 [info] <0.230.0> Running boot step rabbit_priority_queue defined by app rabbit
2023-11-19 07:20:17.181931+00:00 [info] <0.230.0> Priority queues enabled, real BQ is rabbit_variable_queue
2023-11-19 07:20:17.181994+00:00 [info] <0.230.0> Running boot step rabbit_queue_location_client_local defined by app rabbit
2023-11-19 07:20:17.182026+00:00 [info] <0.230.0> Running boot step rabbit_queue_location_min_masters defined by app rabbit
2023-11-19 07:20:17.182048+00:00 [info] <0.230.0> Running boot step rabbit_queue_location_random defined by app rabbit
2023-11-19 07:20:17.182095+00:00 [info] <0.230.0> Running boot step kernel_ready defined by app rabbit
2023-11-19 07:20:17.182108+00:00 [info] <0.230.0> Running boot step rabbit_sysmon_minder defined by app rabbit
2023-11-19 07:20:17.182232+00:00 [info] <0.230.0> Running boot step rabbit_epmd_monitor defined by app rabbit
2023-11-19 07:20:17.185919+00:00 [info] <0.503.0> epmd monitor knows us, inter-node communication (distribution) port: 25672
2023-11-19 07:20:17.186445+00:00 [info] <0.230.0> Running boot step guid_generator defined by app rabbit
2023-11-19 07:20:17.204531+00:00 [info] <0.230.0> Running boot step rabbit_node_monitor defined by app rabbit
2023-11-19 07:20:17.205914+00:00 [info] <0.507.0> Starting rabbit_node_monitor (in ignore mode)
2023-11-19 07:20:17.206514+00:00 [info] <0.230.0> Running boot step delegate_sup defined by app rabbit
2023-11-19 07:20:17.210148+00:00 [info] <0.230.0> Running boot step rabbit_memory_monitor defined by app rabbit
2023-11-19 07:20:17.211225+00:00 [info] <0.230.0> Running boot step rabbit_fifo_dlx_sup defined by app rabbit
2023-11-19 07:20:17.211672+00:00 [info] <0.230.0> Running boot step core_initialized defined by app rabbit
2023-11-19 07:20:17.211735+00:00 [info] <0.230.0> Running boot step rabbit_channel_tracking_handler defined by app rabbit
2023-11-19 07:20:17.211917+00:00 [info] <0.230.0> Running boot step rabbit_connection_tracking_handler defined by app rabbit
2023-11-19 07:20:17.212113+00:00 [info] <0.230.0> Running boot step rabbit_definitions_hashing defined by app rabbit
2023-11-19 07:20:17.212214+00:00 [info] <0.230.0> Running boot step rabbit_exchange_parameters defined by app rabbit
2023-11-19 07:20:17.213197+00:00 [info] <0.230.0> Running boot step rabbit_mirror_queue_misc defined by app rabbit
2023-11-19 07:20:17.213859+00:00 [info] <0.230.0> Running boot step rabbit_policies defined by app rabbit
2023-11-19 07:20:17.214843+00:00 [info] <0.230.0> Running boot step rabbit_policy defined by app rabbit
2023-11-19 07:20:17.215080+00:00 [info] <0.230.0> Running boot step rabbit_queue_location_validator defined by app rabbit
2023-11-19 07:20:17.215225+00:00 [info] <0.230.0> Running boot step rabbit_quorum_memory_manager defined by app rabbit
2023-11-19 07:20:17.215302+00:00 [info] <0.230.0> Running boot step rabbit_stream_coordinator defined by app rabbit
2023-11-19 07:20:17.215950+00:00 [info] <0.230.0> Running boot step rabbit_vhost_limit defined by app rabbit
2023-11-19 07:20:17.216792+00:00 [info] <0.230.0> Running boot step rabbit_mgmt_reset_handler defined by app rabbitmq_management
2023-11-19 07:20:17.216941+00:00 [info] <0.230.0> Running boot step rabbit_mgmt_db_handler defined by app rabbitmq_management_agent
2023-11-19 07:20:17.217102+00:00 [info] <0.230.0> Management plugin: using rates mode 'basic'
2023-11-19 07:20:17.218705+00:00 [info] <0.230.0> Running boot step recovery defined by app rabbit
2023-11-19 07:20:17.223472+00:00 [info] <0.230.0> Running boot step empty_db_check defined by app rabbit
2023-11-19 07:20:17.224822+00:00 [info] <0.230.0> Will seed default virtual host and user...
2023-11-19 07:20:17.225394+00:00 [info] <0.230.0> Adding vhost 'wifihost' (description: 'Default virtual host', tags: [])
2023-11-19 07:20:17.235977+00:00 [info] <0.230.0> Inserted a virtual host record {vhost,<<"wifihost">>,[],
2023-11-19 07:20:17.235977+00:00 [info] <0.230.0>                                       #{description =>
2023-11-19 07:20:17.235977+00:00 [info] <0.230.0>                                             <<"Default virtual host">>,
2023-11-19 07:20:17.235977+00:00 [info] <0.230.0>                                         tags => []}}
2023-11-19 07:20:17.253468+00:00 [info] <0.552.0> Making sure data directory '/var/lib/rabbitmq/mnesia/rabbit@9495117dcc3d/msg_stores/vhosts/8A2F0C0PND5MTIB4P8JFTF3SH' for vhost 'wifihost' exists
2023-11-19 07:20:17.277747+00:00 [info] <0.552.0> Setting segment_entry_count for vhost 'wifihost' with 0 queues to '2048'
2023-11-19 07:20:17.332219+00:00 [info] <0.552.0> Starting message stores for vhost 'wifihost'
2023-11-19 07:20:17.332951+00:00 [info] <0.562.0> Message store "8A2F0C0PND5MTIB4P8JFTF3SH/msg_store_transient": using rabbit_msg_store_ets_index to provide index
2023-11-19 07:20:17.353536+00:00 [info] <0.552.0> Started message store of type transient for vhost 'wifihost'
2023-11-19 07:20:17.354021+00:00 [info] <0.566.0> Message store "8A2F0C0PND5MTIB4P8JFTF3SH/msg_store_persistent": using rabbit_msg_store_ets_index to provide index
2023-11-19 07:20:17.368555+00:00 [warning] <0.566.0> Message store "8A2F0C0PND5MTIB4P8JFTF3SH/msg_store_persistent": rebuilding indices from scratch
2023-11-19 07:20:17.383911+00:00 [info] <0.552.0> Started message store of type persistent for vhost 'wifihost'
2023-11-19 07:20:17.384279+00:00 [info] <0.552.0> Recovering 0 queues of type rabbit_classic_queue took 98ms
2023-11-19 07:20:17.384626+00:00 [info] <0.552.0> Recovering 0 queues of type rabbit_quorum_queue took 0ms
2023-11-19 07:20:17.385002+00:00 [info] <0.552.0> Recovering 0 queues of type rabbit_stream_queue took 0ms
2023-11-19 07:20:17.406417+00:00 [info] <0.230.0> Created user 'root'
2023-11-19 07:20:17.409109+00:00 [info] <0.230.0> Successfully set user tags for user 'root' to [administrator]
2023-11-19 07:20:17.411878+00:00 [info] <0.230.0> Successfully set permissions for user 'root' in virtual host 'wifihost' to '.*', '.*', '.*'
2023-11-19 07:20:17.412108+00:00 [info] <0.230.0> Running boot step rabbit_observer_cli defined by app rabbit
2023-11-19 07:20:17.412407+00:00 [info] <0.230.0> Running boot step rabbit_looking_glass defined by app rabbit
2023-11-19 07:20:17.413253+00:00 [info] <0.230.0> Running boot step rabbit_core_metrics_gc defined by app rabbit
2023-11-19 07:20:17.413797+00:00 [info] <0.230.0> Running boot step background_gc defined by app rabbit
2023-11-19 07:20:17.414275+00:00 [info] <0.230.0> Running boot step routing_ready defined by app rabbit
2023-11-19 07:20:17.414362+00:00 [info] <0.230.0> Running boot step pre_flight defined by app rabbit
2023-11-19 07:20:17.414654+00:00 [info] <0.230.0> Running boot step notify_cluster defined by app rabbit
2023-11-19 07:20:17.414752+00:00 [info] <0.230.0> Running boot step networking defined by app rabbit
2023-11-19 07:20:17.415109+00:00 [info] <0.230.0> Running boot step definition_import_worker_pool defined by app rabbit
2023-11-19 07:20:17.415424+00:00 [info] <0.283.0> Starting worker pool 'definition_import_pool' with 16 processes in it
2023-11-19 07:20:17.416592+00:00 [info] <0.230.0> Running boot step cluster_name defined by app rabbit
2023-11-19 07:20:17.416833+00:00 [info] <0.230.0> Initialising internal cluster ID to 'rabbitmq-cluster-id-UFVaSAxTQz07plz4HR20BQ'
2023-11-19 07:20:17.419656+00:00 [info] <0.230.0> Running boot step direct_client defined by app rabbit
2023-11-19 07:20:17.420150+00:00 [info] <0.230.0> Running boot step rabbit_maintenance_mode_state defined by app rabbit
2023-11-19 07:20:17.420270+00:00 [info] <0.230.0> Creating table rabbit_node_maintenance_states for maintenance mode status
2023-11-19 07:20:17.441016+00:00 [info] <0.230.0> Running boot step rabbit_management_load_definitions defined by app rabbitmq_management
2023-11-19 07:20:17.442210+00:00 [info] <0.618.0> Resetting node maintenance status
2023-11-19 07:20:17.509864+00:00 [info] <0.677.0> Management plugin: HTTP (non-TLS) listener started on port 15672
2023-11-19 07:20:17.510186+00:00 [info] <0.705.0> Statistics database started.
2023-11-19 07:20:17.510393+00:00 [info] <0.704.0> Starting worker pool 'management_worker_pool' with 3 processes in it
2023-11-19 07:20:17.510740+00:00 [info] <0.618.0> Ready to start client connection listeners
2023-11-19 07:20:17.516795+00:00 [info] <0.729.0> started TCP listener on [::]:5672
2023-11-19 07:20:17.769438+00:00 [info] <0.618.0> Server startup complete; 3 plugins started.
2023-11-19 07:20:17.769438+00:00 [info] <0.618.0>  * rabbitmq_management
2023-11-19 07:20:17.769438+00:00 [info] <0.618.0>  * rabbitmq_management_agent
2023-11-19 07:20:17.769438+00:00 [info] <0.618.0>  * rabbitmq_web_dispatch
2023-11-19 07:20:17.843625+00:00 [info] <0.9.0> Time to start RabbitMQ: 18790305 us
2023-11-19 07:20:17.918713+00:00 [info] <0.732.0> accepting AMQP connection <0.732.0> (172.20.0.13:47182 -> 172.20.0.9:5672)
2023-11-19 07:20:17.989969+00:00 [info] <0.732.0> connection <0.732.0> (172.20.0.13:47182 -> 172.20.0.9:5672): user 'root' authenticated and granted access to vhost 'wifihost'
2023-11-19 07:25:19.558964+00:00 [warning] <0.732.0> closing AMQP connection <0.732.0> (172.20.0.13:47182 -> 172.20.0.9:5672, vhost: 'wifihost', user: 'root'):
2023-11-19 07:25:19.558964+00:00 [warning] <0.732.0> client unexpectedly closed TCP connection
2023-11-19 07:25:20.911968+00:00 [notice] <0.61.0> SIGTERM received - shutting down
2023-11-19 07:25:20.911968+00:00 [notice] <0.61.0> 
2023-11-19 07:25:20.919752+00:00 [warning] <0.633.0> HTTP listener registry could not find context rabbitmq_management_tls
2023-11-19 07:25:20.949717+00:00 [info] <0.230.0> Peer discovery backend rabbit_peer_discovery_classic_config does not support registration, skipping unregistration.
2023-11-19 07:25:20.950120+00:00 [info] <0.729.0> stopped TCP listener on [::]:5672
2023-11-19 07:25:20.956033+00:00 [info] <0.829.0> Closing all connections in vhost 'wifihost' on node 'rabbit@9495117dcc3d' because the vhost is stopping
2023-11-19 07:25:20.962226+00:00 [info] <0.566.0> Stopping message store for directory '/var/lib/rabbitmq/mnesia/rabbit@9495117dcc3d/msg_stores/vhosts/8A2F0C0PND5MTIB4P8JFTF3SH/msg_store_persistent'
2023-11-19 07:25:20.998066+00:00 [info] <0.566.0> Message store for directory '/var/lib/rabbitmq/mnesia/rabbit@9495117dcc3d/msg_stores/vhosts/8A2F0C0PND5MTIB4P8JFTF3SH/msg_store_persistent' is stopped
2023-11-19 07:25:20.998351+00:00 [info] <0.562.0> Stopping message store for directory '/var/lib/rabbitmq/mnesia/rabbit@9495117dcc3d/msg_stores/vhosts/8A2F0C0PND5MTIB4P8JFTF3SH/msg_store_transient'
2023-11-19 07:25:21.052039+00:00 [info] <0.562.0> Message store for directory '/var/lib/rabbitmq/mnesia/rabbit@9495117dcc3d/msg_stores/vhosts/8A2F0C0PND5MTIB4P8JFTF3SH/msg_store_transient' is stopped
2023-11-19 07:25:21.060153+00:00 [info] <0.498.0> Management plugin: to stop collect_statistics.
