2023-11-19 16:20:36.591413+00:00 [notice] <0.230.0> Logging: configured log handlers are now ACTIVE
2023-11-19 16:20:37.010537+00:00 [info] <0.230.0> ra: starting system quorum_queues
2023-11-19 16:20:37.010672+00:00 [info] <0.230.0> starting Ra system: quorum_queues in directory: /var/lib/rabbitmq/mnesia/rabbit@8b99ad8c0eb9/quorum/rabbit@8b99ad8c0eb9
2023-11-19 16:20:37.167669+00:00 [info] <0.262.0> ra system 'quorum_queues' running pre init for 0 registered servers
2023-11-19 16:20:37.188793+00:00 [info] <0.263.0> ra: meta data store initialised for system quorum_queues. 0 record(s) recovered
2023-11-19 16:20:37.208169+00:00 [notice] <0.268.0> WAL: ra_log_wal init, open tbls: ra_log_open_mem_tables, closed tbls: ra_log_closed_mem_tables
2023-11-19 16:20:37.229026+00:00 [info] <0.230.0> ra: starting system coordination
2023-11-19 16:20:37.229145+00:00 [info] <0.230.0> starting Ra system: coordination in directory: /var/lib/rabbitmq/mnesia/rabbit@8b99ad8c0eb9/coordination/rabbit@8b99ad8c0eb9
2023-11-19 16:20:37.246438+00:00 [info] <0.275.0> ra system 'coordination' running pre init for 0 registered servers
2023-11-19 16:20:37.251963+00:00 [info] <0.276.0> ra: meta data store initialised for system coordination. 0 record(s) recovered
2023-11-19 16:20:37.252317+00:00 [notice] <0.281.0> WAL: ra_coordination_log_wal init, open tbls: ra_coordination_log_open_mem_tables, closed tbls: ra_coordination_log_closed_mem_tables
2023-11-19 16:20:37.267265+00:00 [info] <0.230.0> 
2023-11-19 16:20:37.267265+00:00 [info] <0.230.0>  Starting RabbitMQ 3.12.9 on Erlang 25.3.2.7 [jit]
2023-11-19 16:20:37.267265+00:00 [info] <0.230.0>  Copyright (c) 2007-2023 VMware, Inc. or its affiliates.
2023-11-19 16:20:37.267265+00:00 [info] <0.230.0>  Licensed under the MPL 2.0. Website: https://rabbitmq.com
2023-11-19 16:20:37.269137+00:00 [info] <0.230.0> 
2023-11-19 16:20:37.269137+00:00 [info] <0.230.0>  node           : rabbit@8b99ad8c0eb9
2023-11-19 16:20:37.269137+00:00 [info] <0.230.0>  home dir       : /var/lib/rabbitmq
2023-11-19 16:20:37.269137+00:00 [info] <0.230.0>  config file(s) : (none)
2023-11-19 16:20:37.269137+00:00 [info] <0.230.0>  cookie hash    : QCPn/IIdfeOxxrkBILWlcw==
2023-11-19 16:20:37.269137+00:00 [info] <0.230.0>  log(s)         : /var/log/rabbitmq/rabbit@8b99ad8c0eb9.log
2023-11-19 16:20:37.269137+00:00 [info] <0.230.0>                 : <stdout>
2023-11-19 16:20:37.269137+00:00 [info] <0.230.0>  data dir       : /var/lib/rabbitmq/mnesia/rabbit@8b99ad8c0eb9
2023-11-19 16:20:43.544010+00:00 [info] <0.230.0> Running boot step pre_boot defined by app rabbit
2023-11-19 16:20:43.544146+00:00 [info] <0.230.0> Running boot step rabbit_global_counters defined by app rabbit
2023-11-19 16:20:43.544761+00:00 [info] <0.230.0> Running boot step rabbit_osiris_metrics defined by app rabbit
2023-11-19 16:20:43.545035+00:00 [info] <0.230.0> Running boot step rabbit_core_metrics defined by app rabbit
2023-11-19 16:20:43.545937+00:00 [info] <0.230.0> Running boot step rabbit_alarm defined by app rabbit
2023-11-19 16:20:43.551770+00:00 [info] <0.300.0> Memory high watermark set to 3118 MiB (3270013747 bytes) of 7796 MiB (8175034368 bytes) total
2023-11-19 16:20:43.558575+00:00 [info] <0.302.0> Enabling free disk space monitoring (disk free space: 140283928576, total memory: 8175034368)
2023-11-19 16:20:43.558661+00:00 [info] <0.302.0> Disk free limit set to 50MB
2023-11-19 16:20:43.563755+00:00 [info] <0.230.0> Running boot step code_server_cache defined by app rabbit
2023-11-19 16:20:43.564024+00:00 [info] <0.230.0> Running boot step file_handle_cache defined by app rabbit
2023-11-19 16:20:43.564354+00:00 [info] <0.305.0> Limiting to approx 1048479 file handles (943629 sockets)
2023-11-19 16:20:43.564499+00:00 [info] <0.306.0> FHC read buffering: OFF
2023-11-19 16:20:43.564539+00:00 [info] <0.306.0> FHC write buffering: ON
2023-11-19 16:20:43.565366+00:00 [info] <0.230.0> Running boot step worker_pool defined by app rabbit
2023-11-19 16:20:43.565514+00:00 [info] <0.283.0> Will use 16 processes for default worker pool
2023-11-19 16:20:43.565545+00:00 [info] <0.283.0> Starting worker pool 'worker_pool' with 16 processes in it
2023-11-19 16:20:43.566054+00:00 [info] <0.230.0> Running boot step database defined by app rabbit
2023-11-19 16:20:43.572512+00:00 [info] <0.230.0> Node database directory at /var/lib/rabbitmq/mnesia/rabbit@8b99ad8c0eb9 is empty. Assuming we need to join an existing cluster or initialise from scratch...
2023-11-19 16:20:43.572649+00:00 [info] <0.230.0> Configured peer discovery backend: rabbit_peer_discovery_classic_config
2023-11-19 16:20:43.572855+00:00 [info] <0.230.0> Will try to lock with peer discovery backend rabbit_peer_discovery_classic_config
2023-11-19 16:20:43.572927+00:00 [info] <0.230.0> All discovered existing cluster peers:
2023-11-19 16:20:43.572957+00:00 [info] <0.230.0> Discovered no peer nodes to cluster with. Some discovery backends can filter nodes out based on a readiness criteria. Enabling debug logging might help troubleshoot.
2023-11-19 16:20:43.579450+00:00 [notice] <0.44.0> Application mnesia exited with reason: stopped
2023-11-19 16:20:44.543659+00:00 [info] <0.230.0> Waiting for Mnesia tables for 30000 ms, 9 retries left
2023-11-19 16:20:44.543848+00:00 [info] <0.230.0> Successfully synced tables from a peer
2023-11-19 16:20:44.544248+00:00 [notice] <0.284.0> Feature flags: attempt to enable `stream_sac_coordinator_unblock_group`...
2023-11-19 16:20:44.581129+00:00 [notice] <0.284.0> Feature flags: `stream_sac_coordinator_unblock_group` enabled
2023-11-19 16:20:44.581410+00:00 [notice] <0.284.0> Feature flags: attempt to enable `restart_streams`...
2023-11-19 16:20:44.622109+00:00 [notice] <0.284.0> Feature flags: `restart_streams` enabled
2023-11-19 16:20:44.622716+00:00 [info] <0.230.0> Waiting for Mnesia tables for 30000 ms, 9 retries left
2023-11-19 16:20:44.623092+00:00 [info] <0.230.0> Successfully synced tables from a peer
2023-11-19 16:20:44.648963+00:00 [info] <0.230.0> Waiting for Mnesia tables for 30000 ms, 9 retries left
2023-11-19 16:20:44.649192+00:00 [info] <0.230.0> Successfully synced tables from a peer
2023-11-19 16:20:44.649238+00:00 [info] <0.230.0> Peer discovery backend rabbit_peer_discovery_classic_config does not support registration, skipping registration.
2023-11-19 16:20:44.649279+00:00 [info] <0.230.0> Will try to unlock with peer discovery backend rabbit_peer_discovery_classic_config
2023-11-19 16:20:44.649504+00:00 [info] <0.230.0> Running boot step tracking_metadata_store defined by app rabbit
2023-11-19 16:20:44.649603+00:00 [info] <0.495.0> Setting up a table for connection tracking on this node: tracked_connection
2023-11-19 16:20:44.649651+00:00 [info] <0.495.0> Setting up a table for per-vhost connection counting on this node: tracked_connection_per_vhost
2023-11-19 16:20:44.649772+00:00 [info] <0.495.0> Setting up a table for per-user connection counting on this node: tracked_connection_per_user
2023-11-19 16:20:44.649918+00:00 [info] <0.495.0> Setting up a table for channel tracking on this node: tracked_channel
2023-11-19 16:20:44.650007+00:00 [info] <0.495.0> Setting up a table for channel tracking on this node: tracked_channel_per_user
2023-11-19 16:20:44.650113+00:00 [info] <0.230.0> Running boot step networking_metadata_store defined by app rabbit
2023-11-19 16:20:44.650243+00:00 [info] <0.230.0> Running boot step feature_flags defined by app rabbit
2023-11-19 16:20:44.656051+00:00 [info] <0.230.0> Running boot step codec_correctness_check defined by app rabbit
2023-11-19 16:20:44.656151+00:00 [info] <0.230.0> Running boot step external_infrastructure defined by app rabbit
2023-11-19 16:20:44.656233+00:00 [info] <0.230.0> Running boot step rabbit_event defined by app rabbit
2023-11-19 16:20:44.656354+00:00 [info] <0.230.0> Running boot step rabbit_registry defined by app rabbit
2023-11-19 16:20:44.656525+00:00 [info] <0.230.0> Running boot step rabbit_auth_mechanism_amqplain defined by app rabbit
2023-11-19 16:20:44.656636+00:00 [info] <0.230.0> Running boot step rabbit_auth_mechanism_cr_demo defined by app rabbit
2023-11-19 16:20:44.656705+00:00 [info] <0.230.0> Running boot step rabbit_auth_mechanism_plain defined by app rabbit
2023-11-19 16:20:44.656876+00:00 [info] <0.230.0> Running boot step rabbit_exchange_type_direct defined by app rabbit
2023-11-19 16:20:44.656986+00:00 [info] <0.230.0> Running boot step rabbit_exchange_type_fanout defined by app rabbit
2023-11-19 16:20:44.657135+00:00 [info] <0.230.0> Running boot step rabbit_exchange_type_headers defined by app rabbit
2023-11-19 16:20:44.657230+00:00 [info] <0.230.0> Running boot step rabbit_exchange_type_topic defined by app rabbit
2023-11-19 16:20:44.657318+00:00 [info] <0.230.0> Running boot step rabbit_mirror_queue_mode_all defined by app rabbit
2023-11-19 16:20:44.657373+00:00 [info] <0.230.0> Running boot step rabbit_mirror_queue_mode_exactly defined by app rabbit
2023-11-19 16:20:44.657410+00:00 [info] <0.230.0> Running boot step rabbit_mirror_queue_mode_nodes defined by app rabbit
2023-11-19 16:20:44.657479+00:00 [info] <0.230.0> Running boot step rabbit_priority_queue defined by app rabbit
2023-11-19 16:20:44.657526+00:00 [info] <0.230.0> Priority queues enabled, real BQ is rabbit_variable_queue
2023-11-19 16:20:44.657578+00:00 [info] <0.230.0> Running boot step rabbit_queue_location_client_local defined by app rabbit
2023-11-19 16:20:44.657621+00:00 [info] <0.230.0> Running boot step rabbit_queue_location_min_masters defined by app rabbit
2023-11-19 16:20:44.657653+00:00 [info] <0.230.0> Running boot step rabbit_queue_location_random defined by app rabbit
2023-11-19 16:20:44.657681+00:00 [info] <0.230.0> Running boot step kernel_ready defined by app rabbit
2023-11-19 16:20:44.657719+00:00 [info] <0.230.0> Running boot step rabbit_sysmon_minder defined by app rabbit
2023-11-19 16:20:44.657950+00:00 [info] <0.230.0> Running boot step rabbit_epmd_monitor defined by app rabbit
2023-11-19 16:20:44.658970+00:00 [info] <0.503.0> epmd monitor knows us, inter-node communication (distribution) port: 25672
2023-11-19 16:20:44.659217+00:00 [info] <0.230.0> Running boot step guid_generator defined by app rabbit
2023-11-19 16:20:44.668884+00:00 [info] <0.230.0> Running boot step rabbit_node_monitor defined by app rabbit
2023-11-19 16:20:44.669169+00:00 [info] <0.507.0> Starting rabbit_node_monitor (in ignore mode)
2023-11-19 16:20:44.669312+00:00 [info] <0.230.0> Running boot step delegate_sup defined by app rabbit
2023-11-19 16:20:44.669679+00:00 [info] <0.230.0> Running boot step rabbit_memory_monitor defined by app rabbit
2023-11-19 16:20:44.669906+00:00 [info] <0.230.0> Running boot step rabbit_fifo_dlx_sup defined by app rabbit
2023-11-19 16:20:44.669986+00:00 [info] <0.230.0> Running boot step core_initialized defined by app rabbit
2023-11-19 16:20:44.670002+00:00 [info] <0.230.0> Running boot step rabbit_channel_tracking_handler defined by app rabbit
2023-11-19 16:20:44.670145+00:00 [info] <0.230.0> Running boot step rabbit_connection_tracking_handler defined by app rabbit
2023-11-19 16:20:44.670221+00:00 [info] <0.230.0> Running boot step rabbit_definitions_hashing defined by app rabbit
2023-11-19 16:20:44.670312+00:00 [info] <0.230.0> Running boot step rabbit_exchange_parameters defined by app rabbit
2023-11-19 16:20:44.670587+00:00 [info] <0.230.0> Running boot step rabbit_mirror_queue_misc defined by app rabbit
2023-11-19 16:20:44.671012+00:00 [info] <0.230.0> Running boot step rabbit_policies defined by app rabbit
2023-11-19 16:20:44.671184+00:00 [info] <0.230.0> Running boot step rabbit_policy defined by app rabbit
2023-11-19 16:20:44.671209+00:00 [info] <0.230.0> Running boot step rabbit_queue_location_validator defined by app rabbit
2023-11-19 16:20:44.671227+00:00 [info] <0.230.0> Running boot step rabbit_quorum_memory_manager defined by app rabbit
2023-11-19 16:20:44.671253+00:00 [info] <0.230.0> Running boot step rabbit_stream_coordinator defined by app rabbit
2023-11-19 16:20:44.671676+00:00 [info] <0.230.0> Running boot step rabbit_vhost_limit defined by app rabbit
2023-11-19 16:20:44.671754+00:00 [info] <0.230.0> Running boot step rabbit_mgmt_reset_handler defined by app rabbitmq_management
2023-11-19 16:20:44.671795+00:00 [info] <0.230.0> Running boot step rabbit_mgmt_db_handler defined by app rabbitmq_management_agent
2023-11-19 16:20:44.671822+00:00 [info] <0.230.0> Management plugin: using rates mode 'basic'
2023-11-19 16:20:44.671984+00:00 [info] <0.230.0> Running boot step recovery defined by app rabbit
2023-11-19 16:20:44.673011+00:00 [info] <0.230.0> Running boot step empty_db_check defined by app rabbit
2023-11-19 16:20:44.673079+00:00 [info] <0.230.0> Will seed default virtual host and user...
2023-11-19 16:20:44.673317+00:00 [info] <0.230.0> Adding vhost 'wifihost' (description: 'Default virtual host', tags: [])
2023-11-19 16:20:44.686176+00:00 [info] <0.230.0> Inserted a virtual host record {vhost,<<"wifihost">>,[],
2023-11-19 16:20:44.686176+00:00 [info] <0.230.0>                                       #{description =>
2023-11-19 16:20:44.686176+00:00 [info] <0.230.0>                                             <<"Default virtual host">>,
2023-11-19 16:20:44.686176+00:00 [info] <0.230.0>                                         tags => []}}
2023-11-19 16:20:44.703525+00:00 [info] <0.552.0> Making sure data directory '/var/lib/rabbitmq/mnesia/rabbit@8b99ad8c0eb9/msg_stores/vhosts/8A2F0C0PND5MTIB4P8JFTF3SH' for vhost 'wifihost' exists
2023-11-19 16:20:44.738873+00:00 [info] <0.552.0> Setting segment_entry_count for vhost 'wifihost' with 0 queues to '2048'
2023-11-19 16:20:44.782282+00:00 [info] <0.552.0> Starting message stores for vhost 'wifihost'
2023-11-19 16:20:44.782729+00:00 [info] <0.562.0> Message store "8A2F0C0PND5MTIB4P8JFTF3SH/msg_store_transient": using rabbit_msg_store_ets_index to provide index
2023-11-19 16:20:44.802993+00:00 [info] <0.552.0> Started message store of type transient for vhost 'wifihost'
2023-11-19 16:20:44.803460+00:00 [info] <0.566.0> Message store "8A2F0C0PND5MTIB4P8JFTF3SH/msg_store_persistent": using rabbit_msg_store_ets_index to provide index
2023-11-19 16:20:44.815634+00:00 [warning] <0.566.0> Message store "8A2F0C0PND5MTIB4P8JFTF3SH/msg_store_persistent": rebuilding indices from scratch
2023-11-19 16:20:44.836096+00:00 [info] <0.552.0> Started message store of type persistent for vhost 'wifihost'
2023-11-19 16:20:44.836543+00:00 [info] <0.552.0> Recovering 0 queues of type rabbit_classic_queue took 90ms
2023-11-19 16:20:44.836641+00:00 [info] <0.552.0> Recovering 0 queues of type rabbit_quorum_queue took 0ms
2023-11-19 16:20:44.836826+00:00 [info] <0.552.0> Recovering 0 queues of type rabbit_stream_queue took 0ms
2023-11-19 16:20:44.840059+00:00 [info] <0.230.0> Created user 'root'
2023-11-19 16:20:44.841874+00:00 [info] <0.230.0> Successfully set user tags for user 'root' to [administrator]
2023-11-19 16:20:44.843723+00:00 [info] <0.230.0> Successfully set permissions for user 'root' in virtual host 'wifihost' to '.*', '.*', '.*'
2023-11-19 16:20:44.843858+00:00 [info] <0.230.0> Running boot step rabbit_observer_cli defined by app rabbit
2023-11-19 16:20:44.843991+00:00 [info] <0.230.0> Running boot step rabbit_looking_glass defined by app rabbit
2023-11-19 16:20:44.844028+00:00 [info] <0.230.0> Running boot step rabbit_core_metrics_gc defined by app rabbit
2023-11-19 16:20:44.844207+00:00 [info] <0.230.0> Running boot step background_gc defined by app rabbit
2023-11-19 16:20:44.844381+00:00 [info] <0.230.0> Running boot step routing_ready defined by app rabbit
2023-11-19 16:20:44.844415+00:00 [info] <0.230.0> Running boot step pre_flight defined by app rabbit
2023-11-19 16:20:44.844509+00:00 [info] <0.230.0> Running boot step notify_cluster defined by app rabbit
2023-11-19 16:20:44.844547+00:00 [info] <0.230.0> Running boot step networking defined by app rabbit
2023-11-19 16:20:44.844663+00:00 [info] <0.230.0> Running boot step definition_import_worker_pool defined by app rabbit
2023-11-19 16:20:44.844752+00:00 [info] <0.283.0> Starting worker pool 'definition_import_pool' with 16 processes in it
2023-11-19 16:20:44.845412+00:00 [info] <0.230.0> Running boot step cluster_name defined by app rabbit
2023-11-19 16:20:44.845522+00:00 [info] <0.230.0> Initialising internal cluster ID to 'rabbitmq-cluster-id-I8ZYVI3Gw2iHAhp0eVVYiw'
2023-11-19 16:20:44.847179+00:00 [info] <0.230.0> Running boot step direct_client defined by app rabbit
2023-11-19 16:20:44.847407+00:00 [info] <0.230.0> Running boot step rabbit_maintenance_mode_state defined by app rabbit
2023-11-19 16:20:44.847471+00:00 [info] <0.230.0> Creating table rabbit_node_maintenance_states for maintenance mode status
2023-11-19 16:20:44.870089+00:00 [info] <0.230.0> Running boot step rabbit_management_load_definitions defined by app rabbitmq_management
2023-11-19 16:20:44.870349+00:00 [info] <0.618.0> Resetting node maintenance status
2023-11-19 16:20:44.890057+00:00 [info] <0.677.0> Management plugin: HTTP (non-TLS) listener started on port 15672
2023-11-19 16:20:44.890273+00:00 [info] <0.705.0> Statistics database started.
2023-11-19 16:20:44.890366+00:00 [info] <0.704.0> Starting worker pool 'management_worker_pool' with 3 processes in it
2023-11-19 16:20:44.890621+00:00 [info] <0.618.0> Ready to start client connection listeners
2023-11-19 16:20:44.893763+00:00 [info] <0.729.0> started TCP listener on [::]:5672
2023-11-19 16:20:44.908380+00:00 [info] <0.732.0> accepting AMQP connection <0.732.0> (172.21.0.14:49830 -> 172.21.0.10:5672)
2023-11-19 16:20:44.970683+00:00 [info] <0.732.0> connection <0.732.0> (172.21.0.14:49830 -> 172.21.0.10:5672): user 'root' authenticated and granted access to vhost 'wifihost'
2023-11-19 16:20:45.039615+00:00 [info] <0.618.0> Server startup complete; 3 plugins started.
2023-11-19 16:20:45.039615+00:00 [info] <0.618.0>  * rabbitmq_management
2023-11-19 16:20:45.039615+00:00 [info] <0.618.0>  * rabbitmq_management_agent
2023-11-19 16:20:45.039615+00:00 [info] <0.618.0>  * rabbitmq_web_dispatch
2023-11-19 16:20:45.070944+00:00 [info] <0.9.0> Time to start RabbitMQ: 14354461 us
2023-11-19 16:20:45.621715+00:00 [info] <0.752.0> accepting AMQP connection <0.752.0> (172.21.0.8:38504 -> 172.21.0.10:5672)
2023-11-19 16:20:45.680926+00:00 [info] <0.752.0> connection <0.752.0> (172.21.0.8:38504 -> 172.21.0.10:5672): user 'root' authenticated and granted access to vhost 'wifihost'
2023-11-19 16:22:28.458781+00:00 [warning] <0.732.0> closing AMQP connection <0.732.0> (172.21.0.14:49830 -> 172.21.0.10:5672, vhost: 'wifihost', user: 'root'):
2023-11-19 16:22:28.458781+00:00 [warning] <0.732.0> client unexpectedly closed TCP connection
2023-11-19 16:22:28.467155+00:00 [warning] <0.752.0> closing AMQP connection <0.752.0> (172.21.0.8:38504 -> 172.21.0.10:5672, vhost: 'wifihost', user: 'root'):
2023-11-19 16:22:28.467155+00:00 [warning] <0.752.0> client unexpectedly closed TCP connection
2023-11-19 16:22:29.772684+00:00 [notice] <0.61.0> SIGTERM received - shutting down
2023-11-19 16:22:29.772684+00:00 [notice] <0.61.0> 
2023-11-19 16:22:29.776598+00:00 [warning] <0.633.0> HTTP listener registry could not find context rabbitmq_management_tls
2023-11-19 16:22:29.784449+00:00 [info] <0.230.0> Peer discovery backend rabbit_peer_discovery_classic_config does not support registration, skipping unregistration.
2023-11-19 16:22:29.784679+00:00 [info] <0.729.0> stopped TCP listener on [::]:5672
2023-11-19 16:22:29.786276+00:00 [info] <0.790.0> Closing all connections in vhost 'wifihost' on node 'rabbit@8b99ad8c0eb9' because the vhost is stopping
2023-11-19 16:22:29.789503+00:00 [info] <0.566.0> Stopping message store for directory '/var/lib/rabbitmq/mnesia/rabbit@8b99ad8c0eb9/msg_stores/vhosts/8A2F0C0PND5MTIB4P8JFTF3SH/msg_store_persistent'
2023-11-19 16:22:29.821777+00:00 [info] <0.566.0> Message store for directory '/var/lib/rabbitmq/mnesia/rabbit@8b99ad8c0eb9/msg_stores/vhosts/8A2F0C0PND5MTIB4P8JFTF3SH/msg_store_persistent' is stopped
2023-11-19 16:22:29.822045+00:00 [info] <0.562.0> Stopping message store for directory '/var/lib/rabbitmq/mnesia/rabbit@8b99ad8c0eb9/msg_stores/vhosts/8A2F0C0PND5MTIB4P8JFTF3SH/msg_store_transient'
2023-11-19 16:22:29.851433+00:00 [info] <0.562.0> Message store for directory '/var/lib/rabbitmq/mnesia/rabbit@8b99ad8c0eb9/msg_stores/vhosts/8A2F0C0PND5MTIB4P8JFTF3SH/msg_store_transient' is stopped
2023-11-19 16:22:29.859142+00:00 [info] <0.498.0> Management plugin: to stop collect_statistics.
