2023-11-19 07:15:35.275617+00:00 [notice] <0.230.0> Logging: configured log handlers are now ACTIVE
2023-11-19 07:15:35.552043+00:00 [info] <0.230.0> ra: starting system quorum_queues
2023-11-19 07:15:35.552142+00:00 [info] <0.230.0> starting Ra system: quorum_queues in directory: /var/lib/rabbitmq/mnesia/rabbit@b484e53fbd12/quorum/rabbit@b484e53fbd12
2023-11-19 07:15:35.641902+00:00 [info] <0.262.0> ra system 'quorum_queues' running pre init for 0 registered servers
2023-11-19 07:15:35.655725+00:00 [info] <0.263.0> ra: meta data store initialised for system quorum_queues. 0 record(s) recovered
2023-11-19 07:15:35.666793+00:00 [notice] <0.268.0> WAL: ra_log_wal init, open tbls: ra_log_open_mem_tables, closed tbls: ra_log_closed_mem_tables
2023-11-19 07:15:35.699998+00:00 [info] <0.230.0> ra: starting system coordination
2023-11-19 07:15:35.700052+00:00 [info] <0.230.0> starting Ra system: coordination in directory: /var/lib/rabbitmq/mnesia/rabbit@b484e53fbd12/coordination/rabbit@b484e53fbd12
2023-11-19 07:15:35.725039+00:00 [info] <0.275.0> ra system 'coordination' running pre init for 0 registered servers
2023-11-19 07:15:35.735102+00:00 [info] <0.276.0> ra: meta data store initialised for system coordination. 0 record(s) recovered
2023-11-19 07:15:35.735296+00:00 [notice] <0.281.0> WAL: ra_coordination_log_wal init, open tbls: ra_coordination_log_open_mem_tables, closed tbls: ra_coordination_log_closed_mem_tables
2023-11-19 07:15:35.752871+00:00 [info] <0.230.0> 
2023-11-19 07:15:35.752871+00:00 [info] <0.230.0>  Starting RabbitMQ 3.12.9 on Erlang 25.3.2.7 [jit]
2023-11-19 07:15:35.752871+00:00 [info] <0.230.0>  Copyright (c) 2007-2023 VMware, Inc. or its affiliates.
2023-11-19 07:15:35.752871+00:00 [info] <0.230.0>  Licensed under the MPL 2.0. Website: https://rabbitmq.com
2023-11-19 07:15:35.755308+00:00 [info] <0.230.0> 
2023-11-19 07:15:35.755308+00:00 [info] <0.230.0>  node           : rabbit@b484e53fbd12
2023-11-19 07:15:35.755308+00:00 [info] <0.230.0>  home dir       : /var/lib/rabbitmq
2023-11-19 07:15:35.755308+00:00 [info] <0.230.0>  config file(s) : (none)
2023-11-19 07:15:35.755308+00:00 [info] <0.230.0>  cookie hash    : QCPn/IIdfeOxxrkBILWlcw==
2023-11-19 07:15:35.755308+00:00 [info] <0.230.0>  log(s)         : /var/log/rabbitmq/rabbit@b484e53fbd12.log
2023-11-19 07:15:35.755308+00:00 [info] <0.230.0>                 : <stdout>
2023-11-19 07:15:35.755308+00:00 [info] <0.230.0>  data dir       : /var/lib/rabbitmq/mnesia/rabbit@b484e53fbd12
2023-11-19 07:15:39.419171+00:00 [info] <0.230.0> Running boot step pre_boot defined by app rabbit
2023-11-19 07:15:39.419287+00:00 [info] <0.230.0> Running boot step rabbit_global_counters defined by app rabbit
2023-11-19 07:15:39.419888+00:00 [info] <0.230.0> Running boot step rabbit_osiris_metrics defined by app rabbit
2023-11-19 07:15:39.420029+00:00 [info] <0.230.0> Running boot step rabbit_core_metrics defined by app rabbit
2023-11-19 07:15:39.426943+00:00 [info] <0.230.0> Running boot step rabbit_alarm defined by app rabbit
2023-11-19 07:15:39.432276+00:00 [info] <0.299.0> Memory high watermark set to 3118 MiB (3270013747 bytes) of 7796 MiB (8175034368 bytes) total
2023-11-19 07:15:39.442081+00:00 [info] <0.301.0> Enabling free disk space monitoring (disk free space: 140314718208, total memory: 8175034368)
2023-11-19 07:15:39.442186+00:00 [info] <0.301.0> Disk free limit set to 50MB
2023-11-19 07:15:39.447161+00:00 [info] <0.230.0> Running boot step code_server_cache defined by app rabbit
2023-11-19 07:15:39.447459+00:00 [info] <0.230.0> Running boot step file_handle_cache defined by app rabbit
2023-11-19 07:15:39.447750+00:00 [info] <0.304.0> Limiting to approx 1048479 file handles (943629 sockets)
2023-11-19 07:15:39.447874+00:00 [info] <0.305.0> FHC read buffering: OFF
2023-11-19 07:15:39.447906+00:00 [info] <0.305.0> FHC write buffering: ON
2023-11-19 07:15:39.449770+00:00 [info] <0.230.0> Running boot step worker_pool defined by app rabbit
2023-11-19 07:15:39.450018+00:00 [info] <0.283.0> Will use 16 processes for default worker pool
2023-11-19 07:15:39.450079+00:00 [info] <0.283.0> Starting worker pool 'worker_pool' with 16 processes in it
2023-11-19 07:15:39.450901+00:00 [info] <0.230.0> Running boot step database defined by app rabbit
2023-11-19 07:15:39.459037+00:00 [info] <0.230.0> Node database directory at /var/lib/rabbitmq/mnesia/rabbit@b484e53fbd12 is empty. Assuming we need to join an existing cluster or initialise from scratch...
2023-11-19 07:15:39.459177+00:00 [info] <0.230.0> Configured peer discovery backend: rabbit_peer_discovery_classic_config
2023-11-19 07:15:39.459266+00:00 [info] <0.230.0> Will try to lock with peer discovery backend rabbit_peer_discovery_classic_config
2023-11-19 07:15:39.459377+00:00 [info] <0.230.0> All discovered existing cluster peers:
2023-11-19 07:15:39.459396+00:00 [info] <0.230.0> Discovered no peer nodes to cluster with. Some discovery backends can filter nodes out based on a readiness criteria. Enabling debug logging might help troubleshoot.
2023-11-19 07:15:39.465927+00:00 [notice] <0.44.0> Application mnesia exited with reason: stopped
2023-11-19 07:15:40.271972+00:00 [info] <0.230.0> Waiting for Mnesia tables for 30000 ms, 9 retries left
2023-11-19 07:15:40.272410+00:00 [info] <0.230.0> Successfully synced tables from a peer
2023-11-19 07:15:40.272993+00:00 [notice] <0.284.0> Feature flags: attempt to enable `stream_sac_coordinator_unblock_group`...
2023-11-19 07:15:40.308469+00:00 [notice] <0.284.0> Feature flags: `stream_sac_coordinator_unblock_group` enabled
2023-11-19 07:15:40.308713+00:00 [notice] <0.284.0> Feature flags: attempt to enable `restart_streams`...
2023-11-19 07:15:40.347655+00:00 [notice] <0.284.0> Feature flags: `restart_streams` enabled
2023-11-19 07:15:40.348042+00:00 [info] <0.230.0> Waiting for Mnesia tables for 30000 ms, 9 retries left
2023-11-19 07:15:40.348250+00:00 [info] <0.230.0> Successfully synced tables from a peer
2023-11-19 07:15:40.373356+00:00 [info] <0.230.0> Waiting for Mnesia tables for 30000 ms, 9 retries left
2023-11-19 07:15:40.374002+00:00 [info] <0.230.0> Successfully synced tables from a peer
2023-11-19 07:15:40.374133+00:00 [info] <0.230.0> Peer discovery backend rabbit_peer_discovery_classic_config does not support registration, skipping registration.
2023-11-19 07:15:40.374302+00:00 [info] <0.230.0> Will try to unlock with peer discovery backend rabbit_peer_discovery_classic_config
2023-11-19 07:15:40.374562+00:00 [info] <0.230.0> Running boot step tracking_metadata_store defined by app rabbit
2023-11-19 07:15:40.374638+00:00 [info] <0.494.0> Setting up a table for connection tracking on this node: tracked_connection
2023-11-19 07:15:40.374676+00:00 [info] <0.494.0> Setting up a table for per-vhost connection counting on this node: tracked_connection_per_vhost
2023-11-19 07:15:40.374762+00:00 [info] <0.494.0> Setting up a table for per-user connection counting on this node: tracked_connection_per_user
2023-11-19 07:15:40.374870+00:00 [info] <0.494.0> Setting up a table for channel tracking on this node: tracked_channel
2023-11-19 07:15:40.374945+00:00 [info] <0.494.0> Setting up a table for channel tracking on this node: tracked_channel_per_user
2023-11-19 07:15:40.375032+00:00 [info] <0.230.0> Running boot step networking_metadata_store defined by app rabbit
2023-11-19 07:15:40.375127+00:00 [info] <0.230.0> Running boot step feature_flags defined by app rabbit
2023-11-19 07:15:40.379655+00:00 [info] <0.230.0> Running boot step codec_correctness_check defined by app rabbit
2023-11-19 07:15:40.379799+00:00 [info] <0.230.0> Running boot step external_infrastructure defined by app rabbit
2023-11-19 07:15:40.379982+00:00 [info] <0.230.0> Running boot step rabbit_event defined by app rabbit
2023-11-19 07:15:40.380185+00:00 [info] <0.230.0> Running boot step rabbit_registry defined by app rabbit
2023-11-19 07:15:40.380244+00:00 [info] <0.230.0> Running boot step rabbit_auth_mechanism_amqplain defined by app rabbit
2023-11-19 07:15:40.380285+00:00 [info] <0.230.0> Running boot step rabbit_auth_mechanism_cr_demo defined by app rabbit
2023-11-19 07:15:40.380313+00:00 [info] <0.230.0> Running boot step rabbit_auth_mechanism_plain defined by app rabbit
2023-11-19 07:15:40.380338+00:00 [info] <0.230.0> Running boot step rabbit_exchange_type_direct defined by app rabbit
2023-11-19 07:15:40.380370+00:00 [info] <0.230.0> Running boot step rabbit_exchange_type_fanout defined by app rabbit
2023-11-19 07:15:40.380390+00:00 [info] <0.230.0> Running boot step rabbit_exchange_type_headers defined by app rabbit
2023-11-19 07:15:40.380411+00:00 [info] <0.230.0> Running boot step rabbit_exchange_type_topic defined by app rabbit
2023-11-19 07:15:40.380468+00:00 [info] <0.230.0> Running boot step rabbit_mirror_queue_mode_all defined by app rabbit
2023-11-19 07:15:40.380499+00:00 [info] <0.230.0> Running boot step rabbit_mirror_queue_mode_exactly defined by app rabbit
2023-11-19 07:15:40.380534+00:00 [info] <0.230.0> Running boot step rabbit_mirror_queue_mode_nodes defined by app rabbit
2023-11-19 07:15:40.380579+00:00 [info] <0.230.0> Running boot step rabbit_priority_queue defined by app rabbit
2023-11-19 07:15:40.380604+00:00 [info] <0.230.0> Priority queues enabled, real BQ is rabbit_variable_queue
2023-11-19 07:15:40.380650+00:00 [info] <0.230.0> Running boot step rabbit_queue_location_client_local defined by app rabbit
2023-11-19 07:15:40.380752+00:00 [info] <0.230.0> Running boot step rabbit_queue_location_min_masters defined by app rabbit
2023-11-19 07:15:40.380836+00:00 [info] <0.230.0> Running boot step rabbit_queue_location_random defined by app rabbit
2023-11-19 07:15:40.380963+00:00 [info] <0.230.0> Running boot step kernel_ready defined by app rabbit
2023-11-19 07:15:40.380985+00:00 [info] <0.230.0> Running boot step rabbit_sysmon_minder defined by app rabbit
2023-11-19 07:15:40.381101+00:00 [info] <0.230.0> Running boot step rabbit_epmd_monitor defined by app rabbit
2023-11-19 07:15:40.382196+00:00 [info] <0.502.0> epmd monitor knows us, inter-node communication (distribution) port: 25672
2023-11-19 07:15:40.382341+00:00 [info] <0.230.0> Running boot step guid_generator defined by app rabbit
2023-11-19 07:15:40.396846+00:00 [info] <0.230.0> Running boot step rabbit_node_monitor defined by app rabbit
2023-11-19 07:15:40.397221+00:00 [info] <0.506.0> Starting rabbit_node_monitor (in ignore mode)
2023-11-19 07:15:40.397348+00:00 [info] <0.230.0> Running boot step delegate_sup defined by app rabbit
2023-11-19 07:15:40.397630+00:00 [info] <0.230.0> Running boot step rabbit_memory_monitor defined by app rabbit
2023-11-19 07:15:40.397765+00:00 [info] <0.230.0> Running boot step rabbit_fifo_dlx_sup defined by app rabbit
2023-11-19 07:15:40.397796+00:00 [info] <0.230.0> Running boot step core_initialized defined by app rabbit
2023-11-19 07:15:40.397810+00:00 [info] <0.230.0> Running boot step rabbit_channel_tracking_handler defined by app rabbit
2023-11-19 07:15:40.397872+00:00 [info] <0.230.0> Running boot step rabbit_connection_tracking_handler defined by app rabbit
2023-11-19 07:15:40.397895+00:00 [info] <0.230.0> Running boot step rabbit_definitions_hashing defined by app rabbit
2023-11-19 07:15:40.397927+00:00 [info] <0.230.0> Running boot step rabbit_exchange_parameters defined by app rabbit
2023-11-19 07:15:40.398211+00:00 [info] <0.230.0> Running boot step rabbit_mirror_queue_misc defined by app rabbit
2023-11-19 07:15:40.398511+00:00 [info] <0.230.0> Running boot step rabbit_policies defined by app rabbit
2023-11-19 07:15:40.398786+00:00 [info] <0.230.0> Running boot step rabbit_policy defined by app rabbit
2023-11-19 07:15:40.398907+00:00 [info] <0.230.0> Running boot step rabbit_queue_location_validator defined by app rabbit
2023-11-19 07:15:40.398944+00:00 [info] <0.230.0> Running boot step rabbit_quorum_memory_manager defined by app rabbit
2023-11-19 07:15:40.398986+00:00 [info] <0.230.0> Running boot step rabbit_stream_coordinator defined by app rabbit
2023-11-19 07:15:40.399408+00:00 [info] <0.230.0> Running boot step rabbit_vhost_limit defined by app rabbit
2023-11-19 07:15:40.399535+00:00 [info] <0.230.0> Running boot step recovery defined by app rabbit
2023-11-19 07:15:40.400517+00:00 [info] <0.230.0> Running boot step empty_db_check defined by app rabbit
2023-11-19 07:15:40.400611+00:00 [info] <0.230.0> Will seed default virtual host and user...
2023-11-19 07:15:40.400727+00:00 [info] <0.230.0> Adding vhost 'wifihost' (description: 'Default virtual host', tags: [])
2023-11-19 07:15:40.409189+00:00 [info] <0.230.0> Inserted a virtual host record {vhost,<<"wifihost">>,[],
2023-11-19 07:15:40.409189+00:00 [info] <0.230.0>                                       #{description =>
2023-11-19 07:15:40.409189+00:00 [info] <0.230.0>                                             <<"Default virtual host">>,
2023-11-19 07:15:40.409189+00:00 [info] <0.230.0>                                         tags => []}}
2023-11-19 07:15:40.418598+00:00 [info] <0.547.0> Making sure data directory '/var/lib/rabbitmq/mnesia/rabbit@b484e53fbd12/msg_stores/vhosts/8A2F0C0PND5MTIB4P8JFTF3SH' for vhost 'wifihost' exists
2023-11-19 07:15:40.442585+00:00 [info] <0.547.0> Setting segment_entry_count for vhost 'wifihost' with 0 queues to '2048'
2023-11-19 07:15:40.484064+00:00 [info] <0.547.0> Starting message stores for vhost 'wifihost'
2023-11-19 07:15:40.484410+00:00 [info] <0.557.0> Message store "8A2F0C0PND5MTIB4P8JFTF3SH/msg_store_transient": using rabbit_msg_store_ets_index to provide index
2023-11-19 07:15:40.501270+00:00 [info] <0.547.0> Started message store of type transient for vhost 'wifihost'
2023-11-19 07:15:40.501706+00:00 [info] <0.561.0> Message store "8A2F0C0PND5MTIB4P8JFTF3SH/msg_store_persistent": using rabbit_msg_store_ets_index to provide index
2023-11-19 07:15:40.514680+00:00 [warning] <0.561.0> Message store "8A2F0C0PND5MTIB4P8JFTF3SH/msg_store_persistent": rebuilding indices from scratch
2023-11-19 07:15:40.528603+00:00 [info] <0.547.0> Started message store of type persistent for vhost 'wifihost'
2023-11-19 07:15:40.528870+00:00 [info] <0.547.0> Recovering 0 queues of type rabbit_classic_queue took 78ms
2023-11-19 07:15:40.528913+00:00 [info] <0.547.0> Recovering 0 queues of type rabbit_quorum_queue took 0ms
2023-11-19 07:15:40.528986+00:00 [info] <0.547.0> Recovering 0 queues of type rabbit_stream_queue took 0ms
2023-11-19 07:15:40.531490+00:00 [info] <0.230.0> Created user 'root'
2023-11-19 07:15:40.533356+00:00 [info] <0.230.0> Successfully set user tags for user 'root' to [administrator]
2023-11-19 07:15:40.563590+00:00 [info] <0.230.0> Successfully set permissions for user 'root' in virtual host 'wifihost' to '.*', '.*', '.*'
2023-11-19 07:15:40.563693+00:00 [info] <0.230.0> Running boot step rabbit_observer_cli defined by app rabbit
2023-11-19 07:15:40.563777+00:00 [info] <0.230.0> Running boot step rabbit_looking_glass defined by app rabbit
2023-11-19 07:15:40.563829+00:00 [info] <0.230.0> Running boot step rabbit_core_metrics_gc defined by app rabbit
2023-11-19 07:15:40.563976+00:00 [info] <0.230.0> Running boot step background_gc defined by app rabbit
2023-11-19 07:15:40.564131+00:00 [info] <0.230.0> Running boot step routing_ready defined by app rabbit
2023-11-19 07:15:40.564164+00:00 [info] <0.230.0> Running boot step pre_flight defined by app rabbit
2023-11-19 07:15:40.564178+00:00 [info] <0.230.0> Running boot step notify_cluster defined by app rabbit
2023-11-19 07:15:40.564204+00:00 [info] <0.230.0> Running boot step networking defined by app rabbit
2023-11-19 07:15:40.564214+00:00 [info] <0.230.0> Running boot step definition_import_worker_pool defined by app rabbit
2023-11-19 07:15:40.564287+00:00 [info] <0.283.0> Starting worker pool 'definition_import_pool' with 16 processes in it
2023-11-19 07:15:40.565231+00:00 [info] <0.230.0> Running boot step cluster_name defined by app rabbit
2023-11-19 07:15:40.565349+00:00 [info] <0.230.0> Initialising internal cluster ID to 'rabbitmq-cluster-id-T4OV6fK9GShkwZ2gbSehtQ'
2023-11-19 07:15:40.567341+00:00 [info] <0.230.0> Running boot step direct_client defined by app rabbit
2023-11-19 07:15:40.567570+00:00 [info] <0.230.0> Running boot step rabbit_maintenance_mode_state defined by app rabbit
2023-11-19 07:15:40.567647+00:00 [info] <0.230.0> Creating table rabbit_node_maintenance_states for maintenance mode status
2023-11-19 07:15:40.586148+00:00 [info] <0.613.0> Resetting node maintenance status
2023-11-19 07:15:40.586361+00:00 [info] <0.613.0> Ready to start client connection listeners
2023-11-19 07:15:40.590016+00:00 [info] <0.631.0> started TCP listener on [::]:5672
2023-11-19 07:15:40.749326+00:00 [info] <0.613.0> Server startup complete; 0 plugins started.
2023-11-19 07:15:40.787373+00:00 [info] <0.9.0> Time to start RabbitMQ: 10350875 us
2023-11-19 07:15:41.342380+00:00 [info] <0.634.0> accepting AMQP connection <0.634.0> (172.19.0.13:59468 -> 172.19.0.11:5672)
2023-11-19 07:15:41.396941+00:00 [info] <0.634.0> connection <0.634.0> (172.19.0.13:59468 -> 172.19.0.11:5672): user 'root' authenticated and granted access to vhost 'wifihost'
2023-11-19 07:17:22.887958+00:00 [info] <0.753.0> Running boot step rabbit_mgmt_db_handler defined by app rabbitmq_management_agent
2023-11-19 07:17:22.888031+00:00 [info] <0.753.0> Management plugin: using rates mode 'basic'
2023-11-19 07:17:22.898129+00:00 [info] <0.753.0> Running boot step rabbit_mgmt_reset_handler defined by app rabbitmq_management
2023-11-19 07:17:22.898212+00:00 [info] <0.753.0> Running boot step rabbit_management_load_definitions defined by app rabbitmq_management
2023-11-19 07:17:22.903514+00:00 [info] <0.829.0> Management plugin: HTTP (non-TLS) listener started on port 15672
2023-11-19 07:17:22.903625+00:00 [info] <0.857.0> Statistics database started.
2023-11-19 07:17:22.903677+00:00 [info] <0.856.0> Starting worker pool 'management_worker_pool' with 3 processes in it
2023-11-19 07:17:22.903962+00:00 [info] <0.753.0> Plugins changed; enabled [cowlib,cowboy,amqp_client,rabbitmq_web_dispatch,
2023-11-19 07:17:22.903962+00:00 [info] <0.753.0>                           rabbitmq_management_agent,rabbitmq_management]
2023-11-19 07:17:54.609421+00:00 [warning] <0.954.0> AMQP 0-9-1 client call timeout was 70000 ms, is updated to a safe effective value of 130000 ms
2023-11-19 07:19:05.744592+00:00 [warning] <0.634.0> closing AMQP connection <0.634.0> (172.19.0.13:59468 -> 172.19.0.11:5672, vhost: 'wifihost', user: 'root'):
2023-11-19 07:19:05.744592+00:00 [warning] <0.634.0> client unexpectedly closed TCP connection
2023-11-19 07:19:07.321646+00:00 [notice] <0.61.0> SIGTERM received - shutting down
2023-11-19 07:19:07.321646+00:00 [notice] <0.61.0> 
2023-11-19 07:19:07.326863+00:00 [warning] <0.775.0> HTTP listener registry could not find context rabbitmq_management_tls
2023-11-19 07:19:07.335262+00:00 [info] <0.230.0> Peer discovery backend rabbit_peer_discovery_classic_config does not support registration, skipping unregistration.
2023-11-19 07:19:07.335667+00:00 [info] <0.631.0> stopped TCP listener on [::]:5672
2023-11-19 07:19:07.336713+00:00 [info] <0.1100.0> Closing all connections in vhost 'wifihost' on node 'rabbit@b484e53fbd12' because the vhost is stopping
2023-11-19 07:19:07.339920+00:00 [info] <0.561.0> Stopping message store for directory '/var/lib/rabbitmq/mnesia/rabbit@b484e53fbd12/msg_stores/vhosts/8A2F0C0PND5MTIB4P8JFTF3SH/msg_store_persistent'
2023-11-19 07:19:07.382044+00:00 [info] <0.561.0> Message store for directory '/var/lib/rabbitmq/mnesia/rabbit@b484e53fbd12/msg_stores/vhosts/8A2F0C0PND5MTIB4P8JFTF3SH/msg_store_persistent' is stopped
2023-11-19 07:19:07.382418+00:00 [info] <0.557.0> Stopping message store for directory '/var/lib/rabbitmq/mnesia/rabbit@b484e53fbd12/msg_stores/vhosts/8A2F0C0PND5MTIB4P8JFTF3SH/msg_store_transient'
2023-11-19 07:19:07.439298+00:00 [info] <0.557.0> Message store for directory '/var/lib/rabbitmq/mnesia/rabbit@b484e53fbd12/msg_stores/vhosts/8A2F0C0PND5MTIB4P8JFTF3SH/msg_store_transient' is stopped
2023-11-19 07:19:07.445138+00:00 [info] <0.497.0> Management plugin: to stop collect_statistics.
